[04-10-2021 14:53:33] [INFO]: Francisco usuario acessando 
[04-10-2021 14:53:43] [INFO]: Francisco Busca realizada com sucesso 
[04-10-2021 14:53:45] [ERROR]: Francisco sem valor na tabela 
[04-10-2021 14:53:51] [INFO]: Francisco usuario acessando 
[04-10-2021 14:53:52] [WARNING]: Francisco Cadastro de tabela imei 
[04-10-2021 14:54:03] [WARNING]: Francisco Cadastro de tabela imei 
[04-10-2021 14:54:06] [INFO]: Francisco usuario acessando 
[04-10-2021 14:54:09] [INFO]: Francisco Busca realizada com sucesso 
[04-10-2021 14:54:12] [WARNING]: Francisco excluindo resgistro de imei do BD 
[04-10-2021 14:54:21] [INFO]: Francisco usuario acessando 
[04-10-2021 15:15:50] [INFO]: Francisco usuario acessando 
[04-10-2021 15:15:56] [INFO]: Francisco Busca realizada com sucesso 
[04-10-2021 15:15:58] [INFO]: Francisco usuario acessando 
[04-10-2021 15:16:00] [WARNING]: Francisco Cadastro de tabela imei 
[04-10-2021 15:16:07] [INFO]: Francisco usuario acessando 
[05-10-2021 08:00:08] [INFO]: Francisco usuario acessando 
[05-10-2021 08:00:14] [WARNING]: Francisco Cadastro de tabela imei 
[05-10-2021 08:00:22] [WARNING]: Francisco Cadastro de tabela imei 
[05-10-2021 08:00:24] [INFO]: Francisco usuario acessando 
[05-10-2021 08:00:27] [INFO]: Francisco Busca realizada com sucesso 
[05-10-2021 08:00:29] [WARNING]: Francisco excluindo resgistro de imei do BD 
[05-10-2021 08:17:49] [INFO]: Francisco usuario acessando 
[05-10-2021 08:17:51] [INFO]: Francisco Busca realizada com sucesso 
[05-10-2021 08:17:53] [ERROR]: Francisco sem valor na tabela 
[05-10-2021 08:17:57] [INFO]: Francisco Busca realizada com sucesso 
[05-10-2021 08:18:00] [INFO]: Francisco usuario acessando 
[05-10-2021 08:18:02] [WARNING]: Francisco Cadastro de tabela imei 
[05-10-2021 08:18:08] [WARNING]: Francisco Cadastro de tabela imei 
[05-10-2021 08:18:11] [INFO]: Francisco usuario acessando 
[05-10-2021 08:18:16] [INFO]: Francisco Busca realizada com sucesso 
[05-10-2021 08:18:18] [WARNING]: Francisco excluindo resgistro de imei do BD 
[05-10-2021 08:19:27] [INFO]: Francisco usuario acessando 
[05-10-2021 08:49:20] [INFO]: Francisco usuario acessando 
[05-10-2021 08:49:25] [WARNING]: Francisco Cadastro de tabela imei 
[05-10-2021 08:49:34] [WARNING]: Francisco Cadastro de tabela imei 
[05-10-2021 08:49:39] [INFO]: Francisco usuario acessando 
[05-10-2021 08:49:41] [INFO]: Francisco Busca realizada com sucesso 
[05-10-2021 08:49:47] [WARNING]: Francisco excluindo resgistro de imei do BD 
[05-10-2021 08:49:55] [INFO]: Francisco usuario acessando 
[05-10-2021 08:50:25] [INFO]: Francisco Busca realizada com sucesso 
[05-10-2021 08:50:27] [ERROR]: Francisco sem valor na tabela 
[05-10-2021 08:50:30] [INFO]: Francisco usuario acessando 
[05-10-2021 08:51:50] [WARNING]: Francisco Cadastro de tabela imei 
[05-10-2021 08:51:57] [INFO]: Francisco usuario acessando 
[05-10-2021 08:52:43] [INFO]: Francisco Busca realizada com sucesso 
[05-10-2021 08:52:49] [ERROR]: Francisco sem valor na tabela 
[05-10-2021 08:52:57] [INFO]: Francisco Busca realizada com sucesso 
[05-10-2021 10:14:32] [INFO]: Francisco usuario acessando 
[05-10-2021 14:21:03] [INFO]: Francisco usuario acessando 
[05-10-2021 14:21:06] [WARNING]: Francisco Cadastro de tabela imei 
[05-10-2021 14:22:19] [WARNING]: Francisco Cadastro de tabela imei 
[05-10-2021 14:22:23] [INFO]: Francisco usuario acessando 
[05-10-2021 14:55:43] [INFO]: Francisco usuario acessando 
[05-10-2021 14:56:29] [WARNING]: Francisco Cadastro de tabela imei 
[05-10-2021 14:57:13] [WARNING]: Francisco Cadastro de tabela imei 
[05-10-2021 15:02:24] [WARNING]: Francisco Cadastro de tabela imei 
[05-10-2021 15:02:38] [WARNING]: Francisco Cadastro de tabela imei 
[05-10-2021 15:05:03] [WARNING]: Francisco Cadastro de tabela imei 
[05-10-2021 15:05:29] [WARNING]: Francisco Cadastro de tabela imei 
[05-10-2021 15:05:43] [WARNING]: Francisco Cadastro de tabela imei 
[05-10-2021 15:05:50] [WARNING]: Francisco Cadastro de tabela imei 
[05-10-2021 15:05:51] [WARNING]: Francisco Cadastro de tabela imei 
[05-10-2021 15:06:00] [WARNING]: Francisco Cadastro de tabela imei 
[05-10-2021 15:06:07] [WARNING]: Francisco Cadastro de tabela imei 
[05-10-2021 15:06:35] [WARNING]: Francisco Cadastro de tabela imei 
[05-10-2021 15:09:20] [WARNING]: Francisco Cadastro de tabela imei 
[05-10-2021 15:09:55] [WARNING]: Francisco Cadastro de tabela imei 
[05-10-2021 15:10:25] [WARNING]: Francisco Cadastro de tabela imei 
[05-10-2021 15:12:17] [WARNING]: Francisco Cadastro de tabela imei 
[05-10-2021 15:12:30] [WARNING]: Francisco Cadastro de tabela imei 
[05-10-2021 15:12:58] [WARNING]: Francisco Cadastro de tabela imei 
[05-10-2021 15:17:04] [WARNING]: Francisco Cadastro de tabela imei 
[05-10-2021 15:17:22] [WARNING]: Francisco Cadastro de tabela imei 
[05-10-2021 15:17:24] [WARNING]: Francisco Cadastro de tabela imei 
[05-10-2021 15:17:24] [WARNING]: Francisco Cadastro de tabela imei 
[05-10-2021 15:17:24] [WARNING]: Francisco Cadastro de tabela imei 
[05-10-2021 15:17:55] [WARNING]: Francisco Cadastro de tabela imei 
[05-10-2021 15:18:13] [WARNING]: Francisco Cadastro de tabela imei 
[05-10-2021 15:30:29] [WARNING]: Francisco Cadastro de tabela imei 
[05-10-2021 15:33:02] [WARNING]: Francisco Cadastro de tabela imei 
[05-10-2021 15:33:17] [WARNING]: Francisco Cadastro de tabela imei 
[05-10-2021 15:33:41] [WARNING]: Francisco Cadastro de tabela imei 
[05-10-2021 15:33:58] [WARNING]: Francisco Cadastro de tabela imei 
[05-10-2021 15:46:59] [WARNING]: Francisco Cadastro de tabela imei 
[05-10-2021 15:47:38] [WARNING]: Francisco Cadastro de tabela imei 
[05-10-2021 15:47:48] [WARNING]: Francisco Cadastro de tabela imei 
[05-10-2021 15:52:45] [WARNING]: Francisco Cadastro de tabela imei 
[05-10-2021 15:53:17] [WARNING]: Francisco Cadastro de tabela imei 
[05-10-2021 15:55:38] [WARNING]: Francisco Cadastro de tabela imei 
[05-10-2021 15:56:52] [WARNING]: Francisco Cadastro de tabela imei 
[05-10-2021 15:57:43] [WARNING]: Francisco Cadastro de tabela imei 
[05-10-2021 16:05:38] [WARNING]: Francisco Cadastro de tabela imei 
[05-10-2021 16:10:22] [WARNING]: Francisco Cadastro de tabela imei 
[05-10-2021 16:11:17] [WARNING]: Francisco Cadastro de tabela imei 
[05-10-2021 16:15:07] [WARNING]: Francisco Cadastro de tabela imei 
[05-10-2021 16:19:23] [WARNING]: Francisco Cadastro de tabela imei 
[05-10-2021 16:19:27] [WARNING]: Francisco Cadastro de tabela imei 
[05-10-2021 16:21:14] [WARNING]: Francisco Cadastro de tabela imei 
[05-10-2021 16:21:42] [WARNING]: Francisco Cadastro de tabela imei 
[05-10-2021 16:22:40] [WARNING]: Francisco Cadastro de tabela imei 
[05-10-2021 16:22:43] [INFO]: Francisco usuario acessando 
[05-10-2021 16:22:46] [WARNING]: Francisco Cadastro de tabela imei 
[05-10-2021 16:23:04] [WARNING]: Francisco Cadastro de tabela imei 
[05-10-2021 16:23:29] [WARNING]: Francisco Cadastro de tabela imei 
[05-10-2021 16:23:30] [WARNING]: Francisco Cadastro de tabela imei 
[05-10-2021 16:23:30] [WARNING]: Francisco Cadastro de tabela imei 
[05-10-2021 16:23:31] [WARNING]: Francisco Cadastro de tabela imei 
[05-10-2021 16:24:01] [WARNING]: Francisco Cadastro de tabela imei 
[05-10-2021 16:24:25] [INFO]: Francisco usuario acessando 
[05-10-2021 16:24:27] [WARNING]: Francisco Cadastro de tabela imei 
[05-10-2021 16:24:38] [WARNING]: Francisco Cadastro de tabela imei 
[05-10-2021 16:24:47] [WARNING]: Francisco Cadastro de tabela imei 
[05-10-2021 16:24:50] [WARNING]: Francisco Cadastro de tabela imei 
[05-10-2021 16:24:52] [WARNING]: Francisco Cadastro de tabela imei 
[05-10-2021 16:25:05] [WARNING]: Francisco Cadastro de tabela imei 
[05-10-2021 16:25:16] [WARNING]: Francisco Cadastro de tabela imei 
[05-10-2021 16:25:44] [WARNING]: Francisco Cadastro de tabela imei 
[05-10-2021 16:25:58] [WARNING]: Francisco Cadastro de tabela imei 
[05-10-2021 16:26:32] [WARNING]: Francisco Cadastro de tabela imei 
[05-10-2021 16:26:35] [INFO]: Francisco usuario acessando 
[05-10-2021 16:26:36] [WARNING]: Francisco Cadastro de tabela imei 
[05-10-2021 16:26:48] [WARNING]: Francisco Cadastro de tabela imei 
[05-10-2021 16:27:03] [WARNING]: Francisco Cadastro de tabela imei 
[05-10-2021 16:27:03] [WARNING]: Francisco Cadastro de tabela imei 
[05-10-2021 16:27:05] [INFO]: Francisco usuario acessando 
[05-10-2021 16:27:07] [WARNING]: Francisco Cadastro de tabela imei 
[05-10-2021 16:27:13] [WARNING]: Francisco Cadastro de tabela imei 
[05-10-2021 16:27:52] [WARNING]: Francisco Cadastro de tabela imei 
[05-10-2021 16:28:29] [WARNING]: Francisco Cadastro de tabela imei 
[05-10-2021 16:34:16] [WARNING]: Francisco Cadastro de tabela imei 
[05-10-2021 16:34:25] [WARNING]: Francisco Cadastro de tabela imei 
[05-10-2021 16:34:40] [WARNING]: Francisco Cadastro de tabela imei 
[05-10-2021 16:34:51] [WARNING]: Francisco Cadastro de tabela imei 
[05-10-2021 16:35:56] [WARNING]: Francisco Cadastro de tabela imei 
[05-10-2021 16:37:23] [WARNING]: Francisco Cadastro de tabela imei 
[05-10-2021 16:38:57] [WARNING]: Francisco Cadastro de tabela imei 
[05-10-2021 16:40:19] [WARNING]: Francisco Cadastro de tabela imei 
[05-10-2021 16:40:39] [WARNING]: Francisco Cadastro de tabela imei 
[05-10-2021 16:44:52] [WARNING]: Francisco Cadastro de tabela imei 
[05-10-2021 16:45:16] [WARNING]: Francisco Cadastro de tabela imei 
[05-10-2021 16:46:22] [WARNING]: Francisco Cadastro de tabela imei 
[05-10-2021 16:46:44] [WARNING]: Francisco Cadastro de tabela imei 
[05-10-2021 16:46:45] [WARNING]: Francisco Cadastro de tabela imei 
[05-10-2021 16:46:45] [WARNING]: Francisco Cadastro de tabela imei 
[05-10-2021 16:46:45] [WARNING]: Francisco Cadastro de tabela imei 
[05-10-2021 16:46:49] [WARNING]: Francisco Cadastro de tabela imei 
[05-10-2021 16:46:51] [WARNING]: Francisco Cadastro de tabela imei 
[05-10-2021 16:47:13] [WARNING]: Francisco Cadastro de tabela imei 
[05-10-2021 16:47:51] [WARNING]: Francisco Cadastro de tabela imei 
[05-10-2021 16:48:15] [WARNING]: Francisco Cadastro de tabela imei 
[05-10-2021 16:48:53] [WARNING]: Francisco Cadastro de tabela imei 
[05-10-2021 16:48:56] [WARNING]: Francisco Cadastro de tabela imei 
[05-10-2021 16:48:58] [WARNING]: Francisco Cadastro de tabela imei 
[05-10-2021 16:49:13] [WARNING]: Francisco Cadastro de tabela imei 
[05-10-2021 16:50:26] [WARNING]: Francisco Cadastro de tabela imei 
[05-10-2021 16:51:14] [WARNING]: Francisco Cadastro de tabela imei 
[05-10-2021 16:51:14] [WARNING]: Francisco Cadastro de tabela imei 
[05-10-2021 16:51:14] [WARNING]: Francisco Cadastro de tabela imei 
[05-10-2021 16:51:35] [WARNING]: Francisco Cadastro de tabela imei 
[05-10-2021 16:52:02] [WARNING]: Francisco Cadastro de tabela imei 
[05-10-2021 16:53:07] [WARNING]: Francisco Cadastro de tabela imei 
[05-10-2021 16:53:20] [WARNING]: Francisco Cadastro de tabela imei 
[05-10-2021 16:53:37] [WARNING]: Francisco Cadastro de tabela imei 
[05-10-2021 16:53:51] [WARNING]: Francisco Cadastro de tabela imei 
[05-10-2021 17:01:55] [WARNING]: Francisco Cadastro de tabela imei 
[05-10-2021 17:02:49] [WARNING]: Francisco Cadastro de tabela imei 
[05-10-2021 17:02:52] [WARNING]: Francisco Cadastro de tabela imei 
[05-10-2021 17:02:53] [WARNING]: Francisco Cadastro de tabela imei 
[05-10-2021 17:05:22] [WARNING]: Francisco Cadastro de tabela imei 
[05-10-2021 17:06:17] [WARNING]: Francisco Cadastro de tabela imei 
[05-10-2021 17:06:19] [WARNING]: Francisco Cadastro de tabela imei 
[05-10-2021 17:06:19] [WARNING]: Francisco Cadastro de tabela imei 
[05-10-2021 17:07:01] [WARNING]: Francisco Cadastro de tabela imei 
[05-10-2021 17:08:18] [WARNING]: Francisco Cadastro de tabela imei 
[05-10-2021 17:08:30] [WARNING]: Francisco Cadastro de tabela imei 
[05-10-2021 17:09:04] [WARNING]: Francisco Cadastro de tabela imei 
[05-10-2021 17:09:15] [WARNING]: Francisco Cadastro de tabela imei 
[05-10-2021 17:09:26] [WARNING]: Francisco Cadastro de tabela imei 
[05-10-2021 17:10:05] [WARNING]: Francisco Cadastro de tabela imei 
[05-10-2021 17:12:45] [WARNING]: Francisco Cadastro de tabela imei 
[05-10-2021 17:13:38] [WARNING]: Francisco Cadastro de tabela imei 
[05-10-2021 17:16:42] [WARNING]: Francisco Cadastro de tabela imei 
[05-10-2021 17:17:02] [WARNING]: Francisco Cadastro de tabela imei 
[05-10-2021 17:17:19] [WARNING]: Francisco Cadastro de tabela imei 
[05-10-2021 17:17:38] [WARNING]: Francisco Cadastro de tabela imei 
[05-10-2021 17:21:10] [WARNING]: Francisco Cadastro de tabela imei 
[05-10-2021 17:21:26] [WARNING]: Francisco Cadastro de tabela imei 
[05-10-2021 17:21:42] [INFO]: Francisco usuario acessando 
[05-10-2021 17:21:44] [WARNING]: Francisco Cadastro de tabela imei 
[05-10-2021 17:21:56] [WARNING]: Francisco Cadastro de tabela imei 
[05-10-2021 17:22:25] [WARNING]: Francisco Cadastro de tabela imei 
[05-10-2021 17:22:52] [WARNING]: Francisco Cadastro de tabela imei 
[05-10-2021 17:23:17] [WARNING]: Francisco Cadastro de tabela imei 
[05-10-2021 17:24:09] [WARNING]: Francisco Cadastro de tabela imei 
[05-10-2021 17:25:05] [WARNING]: Francisco Cadastro de tabela imei 
[05-10-2021 17:25:50] [WARNING]: Francisco Cadastro de tabela imei 
[05-10-2021 17:27:06] [WARNING]: Francisco Cadastro de tabela imei 
[05-10-2021 17:29:07] [WARNING]: Francisco Cadastro de tabela imei 
[05-10-2021 17:30:11] [WARNING]: Francisco Cadastro de tabela imei 
[05-10-2021 17:31:16] [WARNING]: Francisco Cadastro de tabela imei 
[06-10-2021 10:34:42] [WARNING]: Francisco Cadastro de tabela imei 
[06-10-2021 10:34:44] [WARNING]: Francisco Cadastro de tabela imei 
[06-10-2021 10:34:47] [WARNING]: Francisco Cadastro de tabela imei 
[06-10-2021 10:34:50] [WARNING]: Francisco Cadastro de tabela imei 
[06-10-2021 10:34:52] [WARNING]: Francisco Cadastro de tabela imei 
[06-10-2021 10:35:11] [WARNING]: Francisco Cadastro de tabela imei 
[06-10-2021 10:44:11] [WARNING]: Francisco Cadastro de tabela imei 
[06-10-2021 10:44:35] [WARNING]: Francisco Cadastro de tabela imei 
[06-10-2021 10:44:37] [WARNING]: Francisco Cadastro de tabela imei 
[06-10-2021 10:44:37] [WARNING]: Francisco Cadastro de tabela imei 
[06-10-2021 10:44:37] [WARNING]: Francisco Cadastro de tabela imei 
[06-10-2021 10:44:37] [WARNING]: Francisco Cadastro de tabela imei 
[06-10-2021 10:45:02] [WARNING]: Francisco Cadastro de tabela imei 
[06-10-2021 10:45:02] [WARNING]: Francisco Cadastro de tabela imei 
[06-10-2021 10:45:02] [WARNING]: Francisco Cadastro de tabela imei 
[06-10-2021 10:47:40] [WARNING]: Francisco Cadastro de tabela imei 
[06-10-2021 10:47:41] [WARNING]: Francisco Cadastro de tabela imei 
[06-10-2021 10:47:41] [WARNING]: Francisco Cadastro de tabela imei 
[06-10-2021 10:47:41] [WARNING]: Francisco Cadastro de tabela imei 
[06-10-2021 10:47:41] [WARNING]: Francisco Cadastro de tabela imei 
[06-10-2021 10:47:50] [WARNING]: Francisco Cadastro de tabela imei 
[06-10-2021 10:47:50] [WARNING]: Francisco Cadastro de tabela imei 
[06-10-2021 10:47:50] [WARNING]: Francisco Cadastro de tabela imei 
[06-10-2021 10:47:51] [WARNING]: Francisco Cadastro de tabela imei 
[06-10-2021 10:47:51] [WARNING]: Francisco Cadastro de tabela imei 
[06-10-2021 10:47:51] [WARNING]: Francisco Cadastro de tabela imei 
[06-10-2021 10:49:34] [WARNING]: Francisco Cadastro de tabela imei 
[06-10-2021 10:49:59] [INFO]: Francisco usuario acessando 
[06-10-2021 10:50:02] [WARNING]: Francisco Cadastro de tabela imei 
[06-10-2021 10:50:13] [WARNING]: Francisco Cadastro de tabela imei 
[06-10-2021 10:50:38] [INFO]: Francisco usuario acessando 
[06-10-2021 10:50:40] [WARNING]: Francisco Cadastro de tabela imei 
[06-10-2021 10:50:59] [WARNING]: Francisco Cadastro de tabela imei 
[06-10-2021 10:51:31] [WARNING]: Francisco Cadastro de tabela imei 
[06-10-2021 10:51:32] [WARNING]: Francisco Cadastro de tabela imei 
[06-10-2021 10:51:32] [WARNING]: Francisco Cadastro de tabela imei 
[06-10-2021 10:51:33] [WARNING]: Francisco Cadastro de tabela imei 
[06-10-2021 10:51:33] [WARNING]: Francisco Cadastro de tabela imei 
[06-10-2021 10:51:49] [WARNING]: Francisco Cadastro de tabela imei 
[06-10-2021 10:54:08] [WARNING]: Francisco Cadastro de tabela imei 
[06-10-2021 10:54:23] [WARNING]: Francisco Cadastro de tabela imei 
[06-10-2021 10:54:41] [WARNING]: Francisco Cadastro de tabela imei 
[06-10-2021 10:55:18] [WARNING]: Francisco Cadastro de tabela imei 
[06-10-2021 10:56:34] [WARNING]: Francisco Cadastro de tabela imei 
[06-10-2021 10:57:10] [WARNING]: Francisco Cadastro de tabela imei 
[06-10-2021 10:57:10] [WARNING]: Francisco Cadastro de tabela imei 
[06-10-2021 10:57:45] [WARNING]: Francisco Cadastro de tabela imei 
[06-10-2021 10:58:32] [WARNING]: Francisco Cadastro de tabela imei 
[06-10-2021 10:58:47] [WARNING]: Francisco Cadastro de tabela imei 
[06-10-2021 10:59:01] [WARNING]: Francisco Cadastro de tabela imei 
[06-10-2021 10:59:27] [WARNING]: Francisco Cadastro de tabela imei 
[06-10-2021 10:59:51] [INFO]: Francisco usuario acessando 
[06-10-2021 10:59:54] [WARNING]: Francisco Cadastro de tabela imei 
[06-10-2021 11:00:14] [WARNING]: Francisco Cadastro de tabela imei 
[06-10-2021 11:00:45] [WARNING]: Francisco Cadastro de tabela imei 
[06-10-2021 11:00:57] [INFO]: Francisco usuario acessando 
[06-10-2021 11:00:59] [WARNING]: Francisco Cadastro de tabela imei 
[06-10-2021 11:01:14] [WARNING]: Francisco Cadastro de tabela imei 
[06-10-2021 11:04:04] [WARNING]: Francisco Cadastro de tabela imei 
[06-10-2021 11:04:05] [WARNING]: Francisco Cadastro de tabela imei 
[06-10-2021 11:04:05] [WARNING]: Francisco Cadastro de tabela imei 
[06-10-2021 11:09:21] [WARNING]: Francisco Cadastro de tabela imei 
[06-10-2021 11:11:01] [WARNING]: Francisco Cadastro de tabela imei 
[06-10-2021 11:12:53] [WARNING]: Francisco Cadastro de tabela imei 
[06-10-2021 11:13:05] [WARNING]: Francisco Cadastro de tabela imei 
[06-10-2021 11:14:10] [WARNING]: Francisco Cadastro de tabela imei 
[06-10-2021 11:15:02] [WARNING]: Francisco Cadastro de tabela imei 
[06-10-2021 11:15:21] [WARNING]: Francisco Cadastro de tabela imei 
[06-10-2021 11:16:47] [WARNING]: Francisco Cadastro de tabela imei 
[06-10-2021 11:16:59] [WARNING]: Francisco Cadastro de tabela imei 
[06-10-2021 11:17:09] [WARNING]: Francisco Cadastro de tabela imei 
[06-10-2021 11:17:20] [WARNING]: Francisco Cadastro de tabela imei 
[06-10-2021 11:17:57] [WARNING]: Francisco Cadastro de tabela imei 
[06-10-2021 11:17:58] [WARNING]: Francisco Cadastro de tabela imei 
[06-10-2021 11:17:58] [WARNING]: Francisco Cadastro de tabela imei 
[06-10-2021 11:17:58] [WARNING]: Francisco Cadastro de tabela imei 
[06-10-2021 11:17:59] [WARNING]: Francisco Cadastro de tabela imei 
[06-10-2021 11:17:59] [WARNING]: Francisco Cadastro de tabela imei 
[06-10-2021 11:17:59] [WARNING]: Francisco Cadastro de tabela imei 
[06-10-2021 11:17:59] [WARNING]: Francisco Cadastro de tabela imei 
[06-10-2021 11:17:59] [WARNING]: Francisco Cadastro de tabela imei 
[06-10-2021 11:17:59] [WARNING]: Francisco Cadastro de tabela imei 
[06-10-2021 11:18:00] [WARNING]: Francisco Cadastro de tabela imei 
[06-10-2021 11:18:32] [WARNING]: Francisco Cadastro de tabela imei 
[06-10-2021 11:18:32] [WARNING]: Francisco Cadastro de tabela imei 
[06-10-2021 11:18:33] [WARNING]: Francisco Cadastro de tabela imei 
[06-10-2021 11:18:33] [WARNING]: Francisco Cadastro de tabela imei 
[06-10-2021 11:18:33] [WARNING]: Francisco Cadastro de tabela imei 
[06-10-2021 11:18:35] [INFO]: Francisco usuario acessando 
[06-10-2021 11:18:37] [WARNING]: Francisco Cadastro de tabela imei 
[06-10-2021 11:18:50] [WARNING]: Francisco Cadastro de tabela imei 
[06-10-2021 11:19:01] [WARNING]: Francisco Cadastro de tabela imei 
[06-10-2021 11:21:44] [WARNING]: Francisco Cadastro de tabela imei 
[06-10-2021 11:23:18] [WARNING]: Francisco Cadastro de tabela imei 
[06-10-2021 11:23:50] [WARNING]: Francisco Cadastro de tabela imei 
[06-10-2021 11:26:12] [WARNING]: Francisco Cadastro de tabela imei 
[06-10-2021 11:27:06] [WARNING]: Francisco Cadastro de tabela imei 
[06-10-2021 11:27:16] [WARNING]: Francisco Cadastro de tabela imei 
[06-10-2021 11:29:33] [WARNING]: Francisco Cadastro de tabela imei 
[06-10-2021 11:29:34] [WARNING]: Francisco Cadastro de tabela imei 
[06-10-2021 11:29:35] [WARNING]: Francisco Cadastro de tabela imei 
[06-10-2021 11:29:35] [WARNING]: Francisco Cadastro de tabela imei 
[06-10-2021 11:30:07] [INFO]: Francisco usuario acessando 
[06-10-2021 11:30:08] [WARNING]: Francisco Cadastro de tabela imei 
[06-10-2021 11:30:39] [WARNING]: Francisco Cadastro de tabela imei 
[06-10-2021 11:31:43] [WARNING]: Francisco Cadastro de tabela imei 
[06-10-2021 11:34:16] [WARNING]: Francisco Cadastro de tabela imei 
[06-10-2021 11:42:45] [WARNING]: Francisco Cadastro de tabela imei 
[06-10-2021 11:43:39] [WARNING]: Francisco Cadastro de tabela imei 
[06-10-2021 11:45:55] [WARNING]: Francisco Cadastro de tabela imei 
[06-10-2021 11:46:16] [WARNING]: Francisco Cadastro de tabela imei 
[06-10-2021 11:46:27] [WARNING]: Francisco Cadastro de tabela imei 
[06-10-2021 11:46:41] [WARNING]: Francisco Cadastro de tabela imei 
[06-10-2021 11:46:41] [WARNING]: Francisco Cadastro de tabela imei 
[06-10-2021 11:46:42] [WARNING]: Francisco Cadastro de tabela imei 
[06-10-2021 11:46:54] [WARNING]: Francisco Cadastro de tabela imei 
[06-10-2021 11:47:03] [WARNING]: Francisco Cadastro de tabela imei 
[06-10-2021 11:47:20] [WARNING]: Francisco Cadastro de tabela imei 
[06-10-2021 11:48:31] [WARNING]: Francisco Cadastro de tabela imei 
[06-10-2021 11:48:42] [WARNING]: Francisco Cadastro de tabela imei 
[06-10-2021 11:48:55] [WARNING]: Francisco Cadastro de tabela imei 
[06-10-2021 11:49:03] [WARNING]: Francisco Cadastro de tabela imei 
[06-10-2021 11:49:12] [WARNING]: Francisco Cadastro de tabela imei 
[06-10-2021 11:49:27] [WARNING]: Francisco Cadastro de tabela imei 
[06-10-2021 11:50:32] [WARNING]: Francisco Cadastro de tabela imei 
[06-10-2021 11:51:19] [WARNING]: Francisco Cadastro de tabela imei 
[06-10-2021 11:51:25] [WARNING]: Francisco Cadastro de tabela imei 
[06-10-2021 11:51:25] [WARNING]: Francisco Cadastro de tabela imei 
[06-10-2021 11:51:26] [WARNING]: Francisco Cadastro de tabela imei 
[06-10-2021 11:51:26] [WARNING]: Francisco Cadastro de tabela imei 
[06-10-2021 11:51:26] [WARNING]: Francisco Cadastro de tabela imei 
[06-10-2021 11:51:38] [WARNING]: Francisco Cadastro de tabela imei 
[06-10-2021 11:51:56] [WARNING]: Francisco Cadastro de tabela imei 
[06-10-2021 11:52:09] [WARNING]: Francisco Cadastro de tabela imei 
[06-10-2021 11:52:27] [WARNING]: Francisco Cadastro de tabela imei 
[06-10-2021 11:52:42] [WARNING]: Francisco Cadastro de tabela imei 
[06-10-2021 11:53:09] [INFO]: Francisco usuario acessando 
[06-10-2021 11:53:11] [INFO]: Francisco Busca realizada com sucesso 
[06-10-2021 11:53:15] [ERROR]: Francisco sem valor na tabela 
[06-10-2021 11:53:18] [INFO]: Francisco Busca realizada com sucesso 
[06-10-2021 11:53:20] [INFO]: Francisco usuario acessando 
[06-10-2021 11:53:21] [WARNING]: Francisco Cadastro de tabela imei 
[06-10-2021 11:54:20] [WARNING]: Francisco Cadastro de tabela imei 
[06-10-2021 11:54:34] [WARNING]: Francisco Cadastro de tabela imei 
[06-10-2021 11:54:40] [INFO]: Francisco usuario acessando 
[06-10-2021 11:54:42] [INFO]: Francisco Busca realizada com sucesso 
[06-10-2021 11:54:44] [ERROR]: Francisco sem valor na tabela 
[06-10-2021 11:54:47] [INFO]: Francisco Busca realizada com sucesso 
[06-10-2021 11:54:49] [INFO]: Francisco usuario acessando 
[06-10-2021 11:55:12] [WARNING]: Francisco Cadastro de tabela imei 
[06-10-2021 11:55:39] [WARNING]: Francisco Cadastro de tabela imei 
[06-10-2021 11:57:12] [WARNING]: Francisco Cadastro de tabela imei 
[06-10-2021 11:57:28] [WARNING]: Francisco Cadastro de tabela imei 
[06-10-2021 12:01:33] [WARNING]: Francisco Cadastro de tabela imei 
[06-10-2021 12:01:58] [WARNING]: Francisco Cadastro de tabela imei 
[06-10-2021 12:02:07] [WARNING]: Francisco Cadastro de tabela imei 
[06-10-2021 12:02:26] [WARNING]: Francisco Cadastro de tabela imei 
[06-10-2021 12:02:51] [WARNING]: Francisco Cadastro de tabela imei 
[06-10-2021 12:02:57] [WARNING]: Francisco Cadastro de tabela imei 
[06-10-2021 12:02:57] [WARNING]: Francisco Cadastro de tabela imei 
[06-10-2021 12:02:57] [WARNING]: Francisco Cadastro de tabela imei 
[06-10-2021 12:03:14] [WARNING]: Francisco Cadastro de tabela imei 
[06-10-2021 12:04:40] [WARNING]: Francisco Cadastro de tabela imei 
[06-10-2021 12:05:00] [WARNING]: Francisco Cadastro de tabela imei 
[06-10-2021 12:05:17] [WARNING]: Francisco Cadastro de tabela imei 
[06-10-2021 12:05:34] [WARNING]: Francisco Cadastro de tabela imei 
[06-10-2021 12:05:50] [WARNING]: Francisco Cadastro de tabela imei 
[06-10-2021 12:06:22] [WARNING]: Francisco Cadastro de tabela imei 
[06-10-2021 12:06:34] [WARNING]: Francisco Cadastro de tabela imei 
[06-10-2021 12:07:05] [WARNING]: Francisco Cadastro de tabela imei 
[06-10-2021 12:12:11] [WARNING]: Francisco Cadastro de tabela imei 
[06-10-2021 12:12:14] [INFO]: Francisco usuario acessando 
[06-10-2021 12:12:16] [WARNING]: Francisco Cadastro de tabela imei 
[06-10-2021 12:12:30] [WARNING]: Francisco Cadastro de tabela imei 
[06-10-2021 12:12:39] [INFO]: Francisco usuario acessando 
[06-10-2021 12:12:41] [INFO]: Francisco Busca realizada com sucesso 
[06-10-2021 12:12:43] [ERROR]: Francisco sem valor na tabela 
[06-10-2021 12:12:46] [INFO]: Francisco Busca realizada com sucesso 
[06-10-2021 12:12:48] [INFO]: Francisco usuario acessando 
[06-10-2021 12:12:51] [WARNING]: Francisco Cadastro de tabela imei 
[06-10-2021 12:16:09] [WARNING]: Francisco Cadastro de tabela imei 
[06-10-2021 12:16:43] [WARNING]: Francisco Cadastro de tabela imei 
[06-10-2021 12:16:55] [WARNING]: Francisco Cadastro de tabela imei 
[06-10-2021 12:17:04] [INFO]: Francisco usuario acessando 
[06-10-2021 12:17:06] [INFO]: Francisco Busca realizada com sucesso 
[06-10-2021 12:17:08] [ERROR]: Francisco sem valor na tabela 
[06-10-2021 12:17:10] [INFO]: Francisco usuario acessando 
[06-10-2021 12:17:13] [WARNING]: Francisco Cadastro de tabela imei 
[06-10-2021 12:19:16] [WARNING]: Francisco Cadastro de tabela imei 
[06-10-2021 12:19:27] [WARNING]: Francisco Cadastro de tabela imei 
[06-10-2021 12:19:34] [INFO]: Francisco usuario acessando 
[06-10-2021 12:19:36] [INFO]: Francisco Busca realizada com sucesso 
[06-10-2021 12:19:38] [ERROR]: Francisco sem valor na tabela 
[06-10-2021 12:19:40] [INFO]: Francisco usuario acessando 
[06-10-2021 12:23:10] [WARNING]: Francisco Cadastro de tabela imei 
[06-10-2021 12:23:55] [WARNING]: Francisco Cadastro de tabela imei 
[06-10-2021 13:45:57] [WARNING]: Francisco Cadastro de tabela imei 
[06-10-2021 13:46:01] [WARNING]: Francisco Cadastro de tabela imei 
[06-10-2021 13:46:07] [INFO]: Francisco usuario acessando 
[06-10-2021 13:46:09] [INFO]: Francisco Busca realizada com sucesso 
[06-10-2021 13:46:11] [WARNING]: Francisco excluindo resgistro de imei do BD 
[06-10-2021 13:50:45] [INFO]: Francisco usuario acessando 
[06-10-2021 13:50:46] [WARNING]: Francisco Cadastro de tabela imei 
[06-10-2021 13:50:59] [WARNING]: Francisco Cadastro de tabela imei 
[06-10-2021 13:51:06] [WARNING]: Francisco Cadastro de tabela imei 
[06-10-2021 13:51:08] [INFO]: Francisco usuario acessando 
[06-10-2021 13:51:10] [INFO]: Francisco Busca realizada com sucesso 
[06-10-2021 13:51:13] [WARNING]: Francisco excluindo resgistro de imei do BD 
[06-10-2021 13:51:23] [INFO]: Francisco usuario acessando 
[06-10-2021 13:51:38] [INFO]: Francisco Busca realizada com sucesso 
[06-10-2021 13:51:39] [WARNING]: Francisco excluindo resgistro de imei do BD 
[06-10-2021 13:51:43] [INFO]: Francisco usuario acessando 
[06-10-2021 13:51:46] [INFO]: Francisco Busca realizada com sucesso 
[06-10-2021 13:51:47] [ERROR]: Francisco sem valor na tabela 
[06-10-2021 13:51:49] [INFO]: Francisco Busca realizada com sucesso 
[06-10-2021 13:51:52] [INFO]: Francisco usuario acessando 
[06-10-2021 13:55:35] [WARNING]: Francisco Cadastro de tabela imei 
[06-10-2021 13:56:01] [WARNING]: Francisco Cadastro de tabela imei 
[06-10-2021 13:56:37] [WARNING]: Francisco Cadastro de tabela imei 
[06-10-2021 13:56:44] [WARNING]: Francisco Cadastro de tabela imei 
[06-10-2021 13:56:46] [INFO]: Francisco usuario acessando 
[06-10-2021 13:56:48] [INFO]: Francisco Busca realizada com sucesso 
[06-10-2021 13:56:49] [WARNING]: Francisco excluindo resgistro de imei do BD 
[06-10-2021 13:57:10] [INFO]: Francisco usuario acessando 
[06-10-2021 13:57:13] [INFO]: Francisco Busca realizada com sucesso 
[06-10-2021 13:57:14] [WARNING]: Francisco excluindo resgistro de imei do BD 
[06-10-2021 13:57:18] [INFO]: Francisco usuario acessando 
[06-10-2021 13:57:20] [WARNING]: Francisco Cadastro de tabela imei 
[06-10-2021 13:57:38] [WARNING]: Francisco Cadastro de tabela imei 
[06-10-2021 13:57:56] [WARNING]: Francisco Cadastro de tabela imei 
[06-10-2021 13:58:59] [WARNING]: Francisco Cadastro de tabela imei 
[06-10-2021 13:59:26] [WARNING]: Francisco Cadastro de tabela imei 
[06-10-2021 13:59:29] [INFO]: Francisco usuario acessando 
[06-10-2021 13:59:31] [INFO]: Francisco Busca realizada com sucesso 
[06-10-2021 13:59:33] [WARNING]: Francisco excluindo resgistro de imei do BD 
[06-10-2021 13:59:42] [INFO]: Francisco usuario acessando 
[06-10-2021 14:00:16] [INFO]: Francisco usuario acessando 
[06-10-2021 14:00:49] [INFO]: Francisco usuario acessando 
[06-10-2021 14:01:11] [INFO]: Francisco usuario acessando 
[06-10-2021 14:01:14] [WARNING]: Francisco Cadastro de tabela imei 
[06-10-2021 14:01:56] [WARNING]: Francisco Cadastro de tabela imei 
[06-10-2021 14:02:20] [WARNING]: Francisco Cadastro de tabela imei 
[06-10-2021 14:02:31] [WARNING]: Francisco Cadastro de tabela imei 
[06-10-2021 14:03:36] [WARNING]: Francisco Cadastro de tabela imei 
[06-10-2021 14:03:49] [WARNING]: Francisco Cadastro de tabela imei 
[06-10-2021 14:04:01] [WARNING]: Francisco Cadastro de tabela imei 
[06-10-2021 14:04:47] [WARNING]: Francisco Cadastro de tabela imei 
[06-10-2021 14:05:04] [WARNING]: Francisco Cadastro de tabela imei 
[06-10-2021 14:05:10] [WARNING]: Francisco Cadastro de tabela imei 
[06-10-2021 14:09:02] [WARNING]: Francisco Cadastro de tabela imei 
[06-10-2021 14:09:22] [WARNING]: Francisco Cadastro de tabela imei 
[06-10-2021 14:09:35] [WARNING]: Francisco Cadastro de tabela imei 
[06-10-2021 14:10:23] [WARNING]: Francisco Cadastro de tabela imei 
[06-10-2021 14:12:21] [WARNING]: Francisco Cadastro de tabela imei 
[06-10-2021 14:12:36] [WARNING]: Francisco Cadastro de tabela imei 
[06-10-2021 14:13:31] [WARNING]: Francisco Cadastro de tabela imei 
[06-10-2021 14:13:53] [WARNING]: Francisco Cadastro de tabela imei 
[06-10-2021 14:14:03] [WARNING]: Francisco Cadastro de tabela imei 
[06-10-2021 14:14:32] [INFO]: Francisco usuario acessando 
[06-10-2021 14:14:35] [INFO]: Francisco Busca realizada com sucesso 
[06-10-2021 14:14:37] [WARNING]: Francisco excluindo resgistro de imei do BD 
[06-10-2021 14:14:45] [INFO]: Francisco usuario acessando 
[06-10-2021 14:29:08] [WARNING]: Francisco Cadastro de tabela imei 
[06-10-2021 14:29:45] [WARNING]: Francisco Cadastro de tabela imei 
[06-10-2021 14:29:45] [WARNING]: Francisco Cadastro de tabela imei 
[06-10-2021 14:31:31] [WARNING]: Francisco Cadastro de tabela imei 
[06-10-2021 14:31:31] [WARNING]: Francisco Cadastro de tabela imei 
[06-10-2021 14:31:34] [WARNING]: Francisco Cadastro de tabela imei 
[06-10-2021 14:31:34] [WARNING]: Francisco Cadastro de tabela imei 
[06-10-2021 14:31:34] [WARNING]: Francisco Cadastro de tabela imei 
[06-10-2021 14:31:34] [WARNING]: Francisco Cadastro de tabela imei 
[06-10-2021 14:31:51] [WARNING]: Francisco Cadastro de tabela imei 
[06-10-2021 14:31:51] [WARNING]: Francisco Cadastro de tabela imei 
[06-10-2021 14:32:45] [WARNING]: Francisco Cadastro de tabela imei 
[06-10-2021 14:32:45] [WARNING]: Francisco Cadastro de tabela imei 
[06-10-2021 14:33:04] [WARNING]: Francisco Cadastro de tabela imei 
[06-10-2021 14:33:04] [WARNING]: Francisco Cadastro de tabela imei 
[06-10-2021 14:33:51] [WARNING]: Francisco Cadastro de tabela imei 
[06-10-2021 14:34:03] [WARNING]: Francisco Cadastro de tabela imei 
[06-10-2021 14:34:27] [WARNING]: Francisco Cadastro de tabela imei 
[06-10-2021 14:39:25] [WARNING]: Francisco Cadastro de tabela imei 
[06-10-2021 14:39:49] [WARNING]: Francisco Cadastro de tabela imei 
[06-10-2021 14:40:28] [WARNING]: Francisco Cadastro de tabela imei 
[06-10-2021 14:40:41] [WARNING]: Francisco Cadastro de tabela imei 
[06-10-2021 14:41:24] [WARNING]: Francisco Cadastro de tabela imei 
[06-10-2021 14:41:36] [WARNING]: Francisco Cadastro de tabela imei 
[06-10-2021 14:41:36] [WARNING]: Francisco Cadastro de tabela imei 
[06-10-2021 14:41:53] [WARNING]: Francisco Cadastro de tabela imei 
[06-10-2021 14:41:53] [WARNING]: Francisco Cadastro de tabela imei 
[06-10-2021 14:43:38] [WARNING]: Francisco Cadastro de tabela imei 
[06-10-2021 14:43:38] [WARNING]: Francisco Cadastro de tabela imei 
[06-10-2021 14:43:45] [INFO]: Francisco usuario acessando 
[06-10-2021 14:43:47] [WARNING]: Francisco Cadastro de tabela imei 
[06-10-2021 14:43:47] [WARNING]: Francisco Cadastro de tabela imei 
[06-10-2021 14:44:00] [WARNING]: Francisco Cadastro de tabela imei 
[06-10-2021 14:44:00] [WARNING]: Francisco Cadastro de tabela imei 
[06-10-2021 14:44:11] [WARNING]:  Cadastro de tabela imei 
[06-10-2021 14:44:44] [WARNING]:  Cadastro de tabela imei 
[06-10-2021 14:45:02] [WARNING]: Francisco Cadastro de tabela imei 
[06-10-2021 14:48:13] [WARNING]: Francisco Cadastro de tabela imei 
[06-10-2021 14:48:16] [WARNING]: Francisco Cadastro de tabela imei 
[06-10-2021 14:49:11] [WARNING]: Francisco Cadastro de tabela imei 
[06-10-2021 14:49:18] [WARNING]: Francisco Cadastro de tabela imei 
[06-10-2021 14:49:31] [WARNING]: Francisco Cadastro de tabela imei 
[06-10-2021 14:57:23] [INFO]: Francisco usuario acessando 
[06-10-2021 14:57:25] [WARNING]: Francisco Cadastro de tabela imei 
[06-10-2021 14:57:57] [INFO]: Francisco usuario acessando 
[06-10-2021 15:02:59] [WARNING]: Francisco Cadastro de tabela imei 
[06-10-2021 15:03:01] [INFO]: Francisco usuario acessando 
[06-10-2021 15:03:03] [INFO]: Francisco Busca realizada com sucesso 
[06-10-2021 15:03:04] [WARNING]: Francisco excluindo resgistro de imei do BD 
[06-10-2021 15:03:12] [INFO]: Francisco usuario acessando 
[06-10-2021 15:03:15] [INFO]: Francisco Busca realizada com sucesso 
[06-10-2021 15:03:16] [ERROR]: Francisco sem valor na tabela 
[06-10-2021 15:03:18] [INFO]: Francisco Busca realizada com sucesso 
[06-10-2021 15:03:24] [WARNING]: Francisco excluindo resgistro de imei do BD 
[06-10-2021 15:03:30] [INFO]: Francisco usuario acessando 
[06-10-2021 15:03:32] [INFO]: Francisco Busca realizada com sucesso 
[06-10-2021 15:03:37] [WARNING]: Francisco excluindo resgistro de imei do BD 
[06-10-2021 15:03:41] [INFO]: Francisco usuario acessando 
[06-10-2021 15:03:43] [INFO]: Francisco Busca realizada com sucesso 
[06-10-2021 15:03:49] [WARNING]: Francisco excluindo resgistro de imei do BD 
[06-10-2021 15:03:53] [INFO]: Francisco usuario acessando 
[06-10-2021 15:04:13] [INFO]: Francisco usuario acessando 
[06-10-2021 15:05:02] [INFO]: Francisco usuario acessando 
[06-10-2021 16:02:03] [WARNING]: Francisco Cadastro de tabela imei 
[06-10-2021 16:02:22] [WARNING]: Francisco Cadastro de tabela imei 
[06-10-2021 16:02:41] [WARNING]: Francisco Cadastro de tabela imei 
[06-10-2021 16:02:44] [INFO]: Francisco usuario acessando 
[06-10-2021 16:02:45] [INFO]: Francisco Busca realizada com sucesso 
[06-10-2021 16:02:47] [WARNING]: Francisco excluindo resgistro de imei do BD 
[06-10-2021 16:04:01] [INFO]: Francisco usuario acessando 
[06-10-2021 16:04:04] [WARNING]: Francisco Cadastro de tabela imei 
[06-10-2021 16:04:10] [WARNING]: Francisco Cadastro de tabela imei 
[06-10-2021 16:05:02] [INFO]: Francisco usuario acessando 
[06-10-2021 16:05:04] [INFO]: Francisco Busca realizada com sucesso 
[06-10-2021 16:05:06] [ERROR]: Francisco sem valor na tabela 
[06-10-2021 16:05:08] [INFO]: Francisco Busca realizada com sucesso 
[06-10-2021 16:05:11] [INFO]: Francisco usuario acessando 
[06-10-2021 16:05:12] [WARNING]: Francisco Cadastro de tabela imei 
[06-10-2021 16:05:22] [WARNING]: Francisco Cadastro de tabela imei 
[06-10-2021 16:06:05] [WARNING]: Francisco Cadastro de tabela imei 
[06-10-2021 16:06:08] [INFO]: Francisco usuario acessando 
[06-10-2021 16:06:10] [INFO]: Francisco Busca realizada com sucesso 
[06-10-2021 16:06:12] [WARNING]: Francisco excluindo resgistro de imei do BD 
[06-10-2021 16:06:18] [INFO]: Francisco usuario acessando 
[06-10-2021 16:06:21] [INFO]: Francisco Busca realizada com sucesso 
[06-10-2021 16:06:22] [ERROR]: Francisco sem valor na tabela 
[06-10-2021 16:06:26] [INFO]: Francisco usuario acessando 
[06-10-2021 16:07:36] [WARNING]: Francisco Cadastro de tabela imei 
[06-10-2021 16:09:00] [WARNING]: Francisco Cadastro de tabela imei 
[06-10-2021 16:10:35] [WARNING]: Francisco Cadastro de tabela imei 
[06-10-2021 16:10:46] [WARNING]: Francisco Cadastro de tabela imei 
[06-10-2021 16:17:11] [WARNING]: Francisco Cadastro de tabela imei 
[06-10-2021 16:17:51] [WARNING]: Francisco Cadastro de tabela imei 
[06-10-2021 16:19:03] [WARNING]: Francisco Cadastro de tabela imei 
[06-10-2021 16:19:37] [WARNING]: Francisco Cadastro de tabela imei 
[06-10-2021 16:20:42] [WARNING]: Francisco Cadastro de tabela imei 
[06-10-2021 16:20:46] [INFO]: Francisco usuario acessando 
[06-10-2021 16:20:47] [INFO]: Francisco Busca realizada com sucesso 
[06-10-2021 16:20:50] [WARNING]: Francisco excluindo resgistro de imei do BD 
[06-10-2021 16:20:56] [INFO]: Francisco usuario acessando 
[06-10-2021 16:34:51] [WARNING]: Francisco Cadastro de tabela imei 
[06-10-2021 16:35:03] [WARNING]: Francisco Cadastro de tabela imei 
[06-10-2021 16:35:06] [WARNING]: Francisco Cadastro de tabela imei 
[06-10-2021 16:35:16] [INFO]: Francisco usuario acessando 
[06-10-2021 16:35:18] [INFO]: Francisco Busca realizada com sucesso 
[06-10-2021 16:35:19] [WARNING]: Francisco excluindo resgistro de imei do BD 
[06-10-2021 16:35:23] [INFO]: Francisco usuario acessando 
[06-10-2021 16:36:41] [WARNING]: Francisco Cadastro de tabela imei 
[06-10-2021 16:36:49] [WARNING]: Francisco Cadastro de tabela imei 
[06-10-2021 16:36:52] [WARNING]: Francisco Cadastro de tabela imei 
[06-10-2021 16:42:18] [INFO]: Francisco usuario acessando 
[06-10-2021 16:42:20] [INFO]: Francisco Busca realizada com sucesso 
[06-10-2021 16:42:21] [WARNING]: Francisco excluindo resgistro de imei do BD 
[06-10-2021 16:42:25] [INFO]: Francisco usuario acessando 
[06-10-2021 16:42:27] [WARNING]: Francisco Cadastro de tabela imei 
[06-10-2021 16:42:36] [WARNING]: Francisco Cadastro de tabela imei 
[06-10-2021 16:42:39] [WARNING]: Francisco Cadastro de tabela imei 
[06-10-2021 16:42:42] [INFO]: Francisco usuario acessando 
[06-10-2021 16:43:36] [INFO]: Francisco Busca realizada com sucesso 
[06-10-2021 16:43:38] [WARNING]: Francisco excluindo resgistro de imei do BD 
[06-10-2021 16:43:46] [INFO]: Francisco usuario acessando 
[06-10-2021 16:43:48] [WARNING]: Francisco Cadastro de tabela imei 
[06-10-2021 16:43:54] [WARNING]: Francisco Cadastro de tabela imei 
[06-10-2021 16:44:45] [WARNING]: Francisco Cadastro de tabela imei 
[06-10-2021 16:44:48] [INFO]: Francisco usuario acessando 
[06-10-2021 16:44:49] [INFO]: Francisco Busca realizada com sucesso 
[06-10-2021 16:44:51] [ERROR]: Francisco sem valor na tabela 
[06-10-2021 16:44:55] [INFO]: Francisco Busca realizada com sucesso 
[06-10-2021 16:44:58] [INFO]: Francisco usuario acessando 
[06-10-2021 16:46:10] [WARNING]: Francisco Cadastro de tabela imei 
[06-10-2021 16:46:12] [INFO]: Francisco usuario acessando 
[06-10-2021 16:46:14] [INFO]: Francisco Busca realizada com sucesso 
[06-10-2021 16:46:16] [ERROR]: Francisco sem valor na tabela 
[06-10-2021 16:46:18] [INFO]: Francisco usuario acessando 
[06-10-2021 16:46:20] [WARNING]: Francisco Cadastro de tabela imei 
[06-10-2021 16:46:28] [WARNING]: Francisco Cadastro de tabela imei 
[06-10-2021 16:46:31] [WARNING]: Francisco Cadastro de tabela imei 
[06-10-2021 16:46:33] [INFO]: Francisco usuario acessando 
[06-10-2021 16:46:35] [INFO]: Francisco Busca realizada com sucesso 
[06-10-2021 16:46:36] [ERROR]: Francisco sem valor na tabela 
[06-10-2021 16:49:31] [INFO]: Francisco Busca realizada com sucesso 
[06-10-2021 16:49:33] [INFO]: Francisco usuario acessando 
[06-10-2021 16:49:35] [WARNING]: Francisco Cadastro de tabela imei 
[06-10-2021 16:49:45] [WARNING]: Francisco Cadastro de tabela imei 
[06-10-2021 16:49:48] [WARNING]: Francisco Cadastro de tabela imei 
[06-10-2021 16:49:50] [INFO]: Francisco usuario acessando 
[06-10-2021 16:49:52] [INFO]: Francisco Busca realizada com sucesso 
[06-10-2021 16:49:56] [ERROR]: Francisco sem valor na tabela 
[06-10-2021 16:49:59] [INFO]: Francisco usuario acessando 
[06-10-2021 17:13:13] [WARNING]: Francisco Cadastro de tabela imei 
[06-10-2021 17:13:22] [WARNING]: Francisco Cadastro de tabela imei 
[06-10-2021 17:13:25] [WARNING]: Francisco Cadastro de tabela imei 
[06-10-2021 17:13:27] [INFO]: Francisco usuario acessando 
[06-10-2021 17:13:28] [INFO]: Francisco Busca realizada com sucesso 
[06-10-2021 17:13:30] [WARNING]: Francisco excluindo resgistro de imei do BD 
[06-10-2021 17:13:57] [INFO]: Francisco usuario acessando 
[06-10-2021 17:13:59] [INFO]: Francisco Busca realizada com sucesso 
[06-10-2021 17:14:00] [WARNING]: Francisco excluindo resgistro de imei do BD 
[06-10-2021 17:14:44] [INFO]: Francisco usuario acessando 
[06-10-2021 17:14:47] [INFO]: Francisco Busca realizada com sucesso 
[06-10-2021 17:14:49] [WARNING]: Francisco excluindo resgistro de imei do BD 
[06-10-2021 17:14:53] [INFO]: Francisco usuario acessando 
[06-10-2021 17:14:59] [INFO]: Francisco Busca realizada com sucesso 
[06-10-2021 17:15:01] [WARNING]: Francisco excluindo resgistro de imei do BD 
[06-10-2021 17:15:06] [INFO]: Francisco usuario acessando 
[06-10-2021 17:15:55] [INFO]: Francisco Busca realizada com sucesso 
[06-10-2021 17:15:56] [WARNING]: Francisco excluindo resgistro de imei do BD 
[06-10-2021 17:16:00] [INFO]: Francisco usuario acessando 
[06-10-2021 17:16:01] [INFO]: Francisco Busca realizada com sucesso 
[06-10-2021 17:16:03] [WARNING]: Francisco excluindo resgistro de imei do BD 
[06-10-2021 17:16:17] [INFO]: Francisco usuario acessando 
[06-10-2021 17:16:18] [INFO]: Francisco usuario acessando 
[06-10-2021 17:16:21] [INFO]: Francisco Busca realizada com sucesso 
[06-10-2021 17:16:23] [WARNING]: Francisco excluindo resgistro de imei do BD 
[06-10-2021 17:16:27] [INFO]: Francisco usuario acessando 
[06-10-2021 17:16:29] [INFO]: Francisco Busca realizada com sucesso 
[06-10-2021 17:16:30] [WARNING]: Francisco excluindo resgistro de imei do BD 
[06-10-2021 17:16:32] [INFO]: Francisco Busca realizada com sucesso 
[06-10-2021 17:17:09] [WARNING]: Francisco excluindo resgistro de imei do BD 
[06-10-2021 17:17:34] [INFO]: Francisco usuario acessando 
[06-10-2021 17:17:35] [INFO]: Francisco Busca realizada com sucesso 
[06-10-2021 17:17:37] [WARNING]: Francisco excluindo resgistro de imei do BD 
[06-10-2021 17:18:24] [INFO]: Francisco usuario acessando 
[06-10-2021 17:18:26] [INFO]: Francisco Busca realizada com sucesso 
[06-10-2021 17:18:27] [WARNING]: Francisco excluindo resgistro de imei do BD 
[06-10-2021 17:18:48] [INFO]: Francisco usuario acessando 
[06-10-2021 17:18:50] [INFO]: Francisco Busca realizada com sucesso 
[06-10-2021 17:18:51] [WARNING]: Francisco excluindo resgistro de imei do BD 
[06-10-2021 17:18:55] [INFO]: Francisco usuario acessando 
[06-10-2021 17:18:56] [INFO]: Francisco Busca realizada com sucesso 
[06-10-2021 17:18:58] [WARNING]: Francisco excluindo resgistro de imei do BD 
[06-10-2021 17:19:01] [INFO]: Francisco Busca realizada com sucesso 
[06-10-2021 17:19:02] [INFO]: Francisco usuario acessando 
[06-10-2021 17:19:14] [INFO]: Francisco Busca realizada com sucesso 
[06-10-2021 17:19:16] [WARNING]: Francisco excluindo resgistro de imei do BD 
[06-10-2021 17:19:19] [INFO]: Francisco usuario acessando 
[06-10-2021 17:19:21] [INFO]: Francisco Busca realizada com sucesso 
[06-10-2021 17:19:22] [WARNING]: Francisco excluindo resgistro de imei do BD 
[06-10-2021 17:19:24] [INFO]: Francisco Busca realizada com sucesso 
[06-10-2021 17:19:26] [INFO]: Francisco usuario acessando 
[07-10-2021 08:29:34] [INFO]: Francisco Busca realizada com sucesso 
[07-10-2021 08:29:36] [WARNING]: Francisco excluindo resgistro de imei do BD 
[07-10-2021 08:30:18] [WARNING]: Francisco excluindo resgistro de imei do BD 
[07-10-2021 08:34:20] [WARNING]: Francisco excluindo resgistro de imei do BD 
[07-10-2021 08:34:24] [INFO]: Francisco Busca realizada com sucesso 
[07-10-2021 08:34:26] [WARNING]: Francisco excluindo resgistro de imei do BD 
[07-10-2021 08:36:07] [WARNING]: Francisco excluindo resgistro de imei do BD 
[07-10-2021 08:36:12] [INFO]: Francisco usuario acessando 
[07-10-2021 08:36:13] [INFO]: Francisco Busca realizada com sucesso 
[07-10-2021 08:36:14] [ERROR]: Francisco sem valor na tabela 
[07-10-2021 08:36:17] [INFO]: Francisco Busca realizada com sucesso 
[07-10-2021 08:36:19] [INFO]: Francisco usuario acessando 
[07-10-2021 08:45:47] [WARNING]: Francisco Cadastro de tabela imei 
[07-10-2021 08:45:55] [WARNING]: Francisco Cadastro de tabela imei 
[07-10-2021 08:45:59] [WARNING]: Francisco Cadastro de tabela imei 
[07-10-2021 08:46:03] [INFO]: Francisco usuario acessando 
[07-10-2021 08:46:05] [INFO]: Francisco Busca realizada com sucesso 
[07-10-2021 08:46:10] [WARNING]: Francisco excluindo resgistro de imei do BD 
[07-10-2021 08:47:40] [WARNING]: Francisco excluindo resgistro de imei do BD 
[07-10-2021 08:48:28] [WARNING]: Francisco excluindo resgistro de imei do BD 
[07-10-2021 08:48:42] [WARNING]: Francisco excluindo resgistro de imei do BD 
[07-10-2021 08:49:13] [WARNING]: Francisco excluindo resgistro de imei do BD 
[07-10-2021 08:50:17] [WARNING]: Francisco excluindo resgistro de imei do BD 
[07-10-2021 08:51:42] [WARNING]: Francisco excluindo resgistro de imei do BD 
[07-10-2021 08:52:14] [WARNING]: Francisco excluindo resgistro de imei do BD 
[07-10-2021 08:52:18] [INFO]: Francisco usuario acessando 
[07-10-2021 08:52:19] [INFO]: Francisco Busca realizada com sucesso 
[07-10-2021 08:52:24] [ERROR]: Francisco sem valor na tabela 
[07-10-2021 08:52:26] [INFO]: Francisco Busca realizada com sucesso 
[07-10-2021 08:53:39] [INFO]: Francisco Busca realizada com sucesso 
[07-10-2021 08:53:41] [INFO]: Francisco usuario acessando 
[07-10-2021 08:53:43] [INFO]: Francisco Busca realizada com sucesso 
[07-10-2021 08:53:45] [ERROR]: Francisco sem valor na tabela 
[07-10-2021 08:53:49] [INFO]: Francisco Busca realizada com sucesso 
[07-10-2021 08:53:52] [INFO]: Francisco usuario acessando 
[07-10-2021 08:53:54] [WARNING]: Francisco Cadastro de tabela imei 
[07-10-2021 08:54:00] [WARNING]: Francisco Cadastro de tabela imei 
[07-10-2021 08:54:02] [WARNING]: Francisco Cadastro de tabela imei 
[07-10-2021 08:54:04] [INFO]: Francisco usuario acessando 
[07-10-2021 08:54:06] [INFO]: Francisco Busca realizada com sucesso 
[07-10-2021 08:54:07] [WARNING]: Francisco excluindo resgistro de imei do BD 
[07-10-2021 08:54:12] [INFO]: Francisco usuario acessando 
[07-10-2021 08:55:10] [INFO]: Francisco Busca realizada com sucesso 
[07-10-2021 08:55:12] [WARNING]: Francisco excluindo resgistro de imei do BD 
[07-10-2021 08:55:15] [INFO]: Francisco usuario acessando 
[07-10-2021 08:55:18] [INFO]: Francisco Busca realizada com sucesso 
[07-10-2021 08:55:20] [WARNING]: Francisco excluindo resgistro de imei do BD 
[07-10-2021 08:55:22] [INFO]: Francisco Busca realizada com sucesso 
[07-10-2021 09:02:42] [WARNING]: Francisco excluindo resgistro de imei do BD 
[07-10-2021 09:02:45] [INFO]: Francisco usuario acessando 
[07-10-2021 09:02:47] [INFO]: Francisco Busca realizada com sucesso 
[07-10-2021 09:02:49] [ERROR]: Francisco sem valor na tabela 
[07-10-2021 09:02:50] [INFO]: Francisco Busca realizada com sucesso 
[07-10-2021 09:02:52] [INFO]: Francisco usuario acessando 
[07-10-2021 09:02:53] [WARNING]: Francisco Cadastro de tabela imei 
[07-10-2021 09:03:08] [WARNING]: Francisco Cadastro de tabela imei 
[07-10-2021 09:03:16] [WARNING]: Francisco Cadastro de tabela imei 
[07-10-2021 09:03:19] [INFO]: Francisco usuario acessando 
[07-10-2021 09:03:20] [INFO]: Francisco Busca realizada com sucesso 
[07-10-2021 09:03:25] [WARNING]: Francisco excluindo resgistro de imei do BD 
[07-10-2021 09:04:24] [INFO]: Francisco usuario acessando 
[07-10-2021 09:26:39] [INFO]: Francisco usuario acessando 
[07-10-2021 09:26:41] [WARNING]: Francisco Cadastro de tabela imei 
[07-10-2021 09:27:25] [WARNING]: Francisco Cadastro de tabela imei 
[07-10-2021 09:27:50] [INFO]: Francisco usuario acessando 
[07-10-2021 09:27:52] [WARNING]: Francisco Cadastro de tabela imei 
[07-10-2021 09:28:12] [INFO]: Francisco usuario acessando 
[07-10-2021 10:30:49] [WARNING]: Francisco Cadastro de tabela imei 
[07-10-2021 10:30:59] [WARNING]: Francisco Cadastro de tabela imei 
[07-10-2021 10:42:20] [WARNING]: Francisco Cadastro de tabela imei 
[07-10-2021 10:43:32] [WARNING]: Francisco Cadastro de tabela imei 
[07-10-2021 10:43:43] [INFO]: Francisco usuario acessando 
[07-10-2021 10:43:46] [WARNING]: Francisco Cadastro de tabela imei 
[07-10-2021 10:43:53] [WARNING]: Francisco Cadastro de tabela imei 
[07-10-2021 10:44:47] [WARNING]: Francisco Cadastro de tabela imei 
[07-10-2021 10:44:52] [WARNING]: Francisco Cadastro de tabela imei 
[07-10-2021 10:47:55] [WARNING]: Francisco Cadastro de tabela imei 
[07-10-2021 10:48:22] [WARNING]: Francisco Cadastro de tabela imei 
[07-10-2021 10:48:39] [WARNING]: Francisco Cadastro de tabela imei 
[07-10-2021 10:49:26] [WARNING]: Francisco Cadastro de tabela imei 
[07-10-2021 10:51:26] [WARNING]: Francisco Cadastro de tabela imei 
[07-10-2021 10:52:12] [WARNING]: Francisco Cadastro de tabela imei 
[07-10-2021 10:52:23] [WARNING]: Francisco Cadastro de tabela imei 
[07-10-2021 10:52:34] [WARNING]: Francisco Cadastro de tabela imei 
[07-10-2021 10:52:44] [WARNING]: Francisco Cadastro de tabela imei 
[07-10-2021 10:52:56] [WARNING]: Francisco Cadastro de tabela imei 
[07-10-2021 10:53:04] [WARNING]: Francisco Cadastro de tabela imei 
[07-10-2021 10:53:11] [WARNING]: Francisco Cadastro de tabela imei 
[07-10-2021 10:54:22] [INFO]: Francisco usuario acessando 
[07-10-2021 10:54:24] [WARNING]: Francisco Cadastro de tabela imei 
[07-10-2021 11:01:16] [WARNING]: Francisco Cadastro de tabela imei 
[07-10-2021 11:07:28] [WARNING]: Francisco Cadastro de tabela imei 
[07-10-2021 11:07:55] [WARNING]: Francisco Cadastro de tabela imei 
[07-10-2021 11:08:56] [WARNING]: Francisco Cadastro de tabela imei 
[07-10-2021 11:09:16] [WARNING]: Francisco Cadastro de tabela imei 
[07-10-2021 11:09:30] [WARNING]: Francisco Cadastro de tabela imei 
[07-10-2021 11:09:43] [WARNING]: Francisco Cadastro de tabela imei 
[07-10-2021 11:10:36] [WARNING]: Francisco Cadastro de tabela imei 
[07-10-2021 11:14:10] [WARNING]: Francisco Cadastro de tabela imei 
[07-10-2021 11:14:18] [WARNING]: Francisco Cadastro de tabela imei 
[07-10-2021 11:14:21] [WARNING]: Francisco Cadastro de tabela imei 
[07-10-2021 11:14:21] [WARNING]: Francisco Cadastro de tabela imei 
[07-10-2021 11:14:23] [WARNING]: Francisco Cadastro de tabela imei 
[07-10-2021 11:15:47] [WARNING]: Francisco Cadastro de tabela imei 
[07-10-2021 11:16:06] [WARNING]: Francisco Cadastro de tabela imei 
[07-10-2021 11:34:22] [WARNING]: Francisco Cadastro de tabela imei 
[07-10-2021 11:34:31] [WARNING]: Francisco Cadastro de tabela imei 
[07-10-2021 11:34:35] [INFO]: Francisco usuario acessando 
[07-10-2021 11:34:38] [WARNING]: Francisco Cadastro de tabela imei 
[07-10-2021 11:36:49] [WARNING]: Francisco Cadastro de tabela imei 
[07-10-2021 11:36:56] [WARNING]: Francisco Cadastro de tabela imei 
[07-10-2021 11:36:59] [INFO]: Francisco usuario acessando 
[07-10-2021 11:37:01] [WARNING]: Francisco Cadastro de tabela imei 
[07-10-2021 11:40:14] [WARNING]: Francisco Cadastro de tabela imei 
[07-10-2021 11:40:35] [WARNING]: Francisco Cadastro de tabela imei 
[07-10-2021 11:41:38] [WARNING]: Francisco Cadastro de tabela imei 
[07-10-2021 11:41:42] [WARNING]: Francisco Cadastro de tabela imei 
[07-10-2021 11:44:30] [WARNING]: Francisco Cadastro de tabela imei 
[07-10-2021 11:44:31] [WARNING]: Francisco Cadastro de tabela imei 
[07-10-2021 11:44:35] [INFO]: Francisco usuario acessando 
[07-10-2021 11:44:40] [WARNING]: Francisco Cadastro de tabela imei 
[07-10-2021 11:44:53] [WARNING]: Francisco Cadastro de tabela imei 
[07-10-2021 11:44:56] [WARNING]: Francisco Cadastro de tabela imei 
[07-10-2021 11:45:52] [WARNING]: Francisco Cadastro de tabela imei 
[07-10-2021 11:45:55] [INFO]: Francisco usuario acessando 
[07-10-2021 11:45:57] [WARNING]: Francisco Cadastro de tabela imei 
[07-10-2021 11:46:03] [WARNING]: Francisco Cadastro de tabela imei 
[07-10-2021 11:46:06] [WARNING]: Francisco Cadastro de tabela imei 
[07-10-2021 11:48:38] [WARNING]: Francisco Cadastro de tabela imei 
[07-10-2021 11:48:42] [WARNING]: Francisco Cadastro de tabela imei 
[07-10-2021 11:51:29] [WARNING]: Francisco Cadastro de tabela imei 
[07-10-2021 11:52:54] [WARNING]: Francisco Cadastro de tabela imei 
[07-10-2021 11:53:08] [INFO]: Francisco usuario acessando 
[07-10-2021 11:53:10] [WARNING]: Francisco Cadastro de tabela imei 
[07-10-2021 11:53:16] [WARNING]: Francisco Cadastro de tabela imei 
[07-10-2021 11:53:19] [WARNING]: Francisco Cadastro de tabela imei 
[07-10-2021 11:54:29] [WARNING]: Francisco Cadastro de tabela imei 
[07-10-2021 11:54:37] [WARNING]: Francisco Cadastro de tabela imei 
[07-10-2021 11:58:22] [WARNING]: Francisco Cadastro de tabela imei 
[07-10-2021 11:58:22] [WARNING]: Francisco Cadastro de tabela imei 
[07-10-2021 11:58:31] [WARNING]: Francisco Cadastro de tabela imei 
[07-10-2021 11:58:31] [WARNING]: Francisco Cadastro de tabela imei 
[07-10-2021 11:59:28] [WARNING]: Francisco Cadastro de tabela imei 
[07-10-2021 11:59:28] [WARNING]: Francisco Cadastro de tabela imei 
[07-10-2021 11:59:50] [WARNING]: Francisco Cadastro de tabela imei 
[07-10-2021 11:59:58] [INFO]: Francisco usuario acessando 
[07-10-2021 12:00:00] [WARNING]: Francisco Cadastro de tabela imei 
[07-10-2021 12:00:07] [WARNING]: Francisco Cadastro de tabela imei 
[07-10-2021 12:00:15] [WARNING]: Francisco Cadastro de tabela imei 
[07-10-2021 12:02:32] [WARNING]: Francisco Cadastro de tabela imei 
[07-10-2021 12:04:39] [WARNING]: Francisco Cadastro de tabela imei 
[07-10-2021 12:04:43] [WARNING]: Francisco Cadastro de tabela imei 
[07-10-2021 12:05:20] [WARNING]: Francisco Cadastro de tabela imei 
[07-10-2021 12:05:25] [WARNING]: Francisco Cadastro de tabela imei 
[07-10-2021 12:08:39] [WARNING]: Francisco Cadastro de tabela imei 
[07-10-2021 12:13:21] [WARNING]: Francisco Cadastro de tabela imei 
[07-10-2021 12:13:49] [WARNING]: Francisco Cadastro de tabela imei 
[07-10-2021 12:13:53] [WARNING]: Francisco Cadastro de tabela imei 
[07-10-2021 12:15:09] [WARNING]: Francisco Cadastro de tabela imei 
[07-10-2021 12:15:12] [WARNING]: Francisco Cadastro de tabela imei 
[07-10-2021 12:19:55] [WARNING]: Francisco Cadastro de tabela imei 
[07-10-2021 12:20:02] [WARNING]: Francisco Cadastro de tabela imei 
[07-10-2021 12:20:51] [WARNING]: Francisco Cadastro de tabela imei 
[07-10-2021 12:21:33] [WARNING]: Francisco Cadastro de tabela imei 
[07-10-2021 12:21:37] [WARNING]: Francisco Cadastro de tabela imei 
[07-10-2021 13:29:28] [WARNING]: Francisco Cadastro de tabela imei 
[07-10-2021 13:29:35] [WARNING]: Francisco Cadastro de tabela imei 
[07-10-2021 13:30:46] [WARNING]: Francisco Cadastro de tabela imei 
[07-10-2021 13:30:53] [WARNING]: Francisco Cadastro de tabela imei 
[07-10-2021 13:31:12] [INFO]: Francisco usuario acessando 
[07-10-2021 13:31:26] [INFO]: Francisco usuario acessando 
[07-10-2021 13:31:28] [WARNING]: Francisco Cadastro de tabela imei 
[07-10-2021 13:31:32] [WARNING]: Francisco Cadastro de tabela imei 
[07-10-2021 13:32:53] [INFO]: Francisco usuario acessando 
[07-10-2021 13:32:55] [WARNING]: Francisco Cadastro de tabela imei 
[07-10-2021 13:33:13] [WARNING]: Francisco Cadastro de tabela imei 
[07-10-2021 13:34:15] [WARNING]: Francisco Cadastro de tabela imei 
[07-10-2021 13:34:16] [WARNING]: Francisco Cadastro de tabela imei 
[07-10-2021 13:34:16] [WARNING]: Francisco Cadastro de tabela imei 
[07-10-2021 13:34:16] [WARNING]: Francisco Cadastro de tabela imei 
[07-10-2021 13:34:18] [WARNING]: Francisco Cadastro de tabela imei 
[07-10-2021 13:34:20] [WARNING]: Francisco Cadastro de tabela imei 
[07-10-2021 13:35:03] [WARNING]: Francisco Cadastro de tabela imei 
[07-10-2021 13:35:07] [WARNING]: Francisco Cadastro de tabela imei 
[07-10-2021 13:35:09] [WARNING]: Francisco Cadastro de tabela imei 
[07-10-2021 13:36:52] [WARNING]: Francisco Cadastro de tabela imei 
[07-10-2021 13:36:56] [INFO]: Francisco usuario acessando 
[07-10-2021 13:36:58] [INFO]: Francisco Busca realizada com sucesso 
[07-10-2021 13:37:00] [WARNING]: Francisco excluindo resgistro de imei do BD 
[07-10-2021 13:37:11] [INFO]: Francisco usuario acessando 
[07-10-2021 13:37:13] [INFO]: Francisco Busca realizada com sucesso 
[07-10-2021 13:37:17] [WARNING]: Francisco excluindo resgistro de imei do BD 
[07-10-2021 13:37:21] [INFO]: Francisco usuario acessando 
[07-10-2021 13:37:22] [INFO]: Francisco Busca realizada com sucesso 
[07-10-2021 13:37:27] [WARNING]: Francisco excluindo resgistro de imei do BD 
[07-10-2021 13:37:34] [INFO]: Francisco usuario acessando 
[07-10-2021 13:37:36] [INFO]: Francisco Busca realizada com sucesso 
[07-10-2021 13:37:41] [WARNING]: Francisco excluindo resgistro de imei do BD 
[07-10-2021 13:37:45] [INFO]: Francisco usuario acessando 
[07-10-2021 13:37:47] [WARNING]: Francisco Cadastro de tabela imei 
[07-10-2021 13:37:57] [WARNING]: Francisco Cadastro de tabela imei 
[07-10-2021 13:38:07] [WARNING]: Francisco Cadastro de tabela imei 
[07-10-2021 13:41:48] [INFO]: Francisco usuario acessando 
[07-10-2021 13:41:49] [INFO]: Francisco Busca realizada com sucesso 
[07-10-2021 13:41:50] [WARNING]: Francisco excluindo resgistro de imei do BD 
[07-10-2021 13:42:00] [INFO]: Francisco usuario acessando 
[07-10-2021 13:42:02] [INFO]: Francisco Busca realizada com sucesso 
[07-10-2021 13:42:03] [WARNING]: Francisco excluindo resgistro de imei do BD 
[07-10-2021 13:42:10] [INFO]: Francisco usuario acessando 
[07-10-2021 13:44:18] [INFO]: Francisco Busca realizada com sucesso 
[07-10-2021 13:44:23] [ERROR]: Francisco sem valor na tabela 
[07-10-2021 13:44:25] [INFO]: Francisco usuario acessando 
[07-10-2021 13:51:14] [INFO]: Francisco Busca realizada com sucesso 
[07-10-2021 13:51:15] [ERROR]: Francisco sem valor na tabela 
[07-10-2021 13:51:17] [INFO]: Francisco usuario acessando 
[07-10-2021 13:51:19] [INFO]: Francisco Busca realizada com sucesso 
[07-10-2021 13:51:24] [ERROR]: Francisco sem valor na tabela 
[07-10-2021 13:51:26] [INFO]: Francisco usuario acessando 
[07-10-2021 13:51:28] [WARNING]: Francisco Cadastro de tabela imei 
[07-10-2021 13:51:38] [WARNING]: Francisco Cadastro de tabela imei 
[07-10-2021 13:51:44] [WARNING]: Francisco Cadastro de tabela imei 
[07-10-2021 13:55:55] [INFO]: Francisco usuario acessando 
[07-10-2021 13:55:57] [INFO]: Francisco Busca realizada com sucesso 
[07-10-2021 13:55:58] [WARNING]: Francisco excluindo resgistro de imei do BD 
[07-10-2021 13:56:03] [INFO]: Francisco usuario acessando 
[07-10-2021 13:56:05] [WARNING]: Francisco Cadastro de tabela imei 
[07-10-2021 13:56:25] [WARNING]: Francisco Cadastro de tabela imei 
[07-10-2021 13:56:28] [WARNING]: Francisco Cadastro de tabela imei 
[07-10-2021 13:57:11] [INFO]: Francisco usuario acessando 
[07-10-2021 13:57:13] [WARNING]: Francisco Cadastro de tabela imei 
[07-10-2021 13:59:25] [WARNING]: Francisco Cadastro de tabela imei 
[07-10-2021 13:59:49] [WARNING]: Francisco Cadastro de tabela imei 
[07-10-2021 14:00:00] [WARNING]: Francisco Cadastro de tabela imei 
[07-10-2021 14:00:07] [WARNING]: Francisco Cadastro de tabela imei 
[07-10-2021 14:01:13] [WARNING]: Francisco Cadastro de tabela imei 
[07-10-2021 14:02:26] [WARNING]: Francisco Cadastro de tabela imei 
[07-10-2021 14:03:46] [WARNING]: Francisco Cadastro de tabela imei 
[07-10-2021 14:03:57] [WARNING]: Francisco Cadastro de tabela imei 
[07-10-2021 14:04:02] [WARNING]: Francisco Cadastro de tabela imei 
[07-10-2021 14:04:29] [INFO]: Francisco usuario acessando 
[07-10-2021 14:04:30] [INFO]: Francisco Busca realizada com sucesso 
[07-10-2021 14:04:31] [WARNING]: Francisco excluindo resgistro de imei do BD 
[07-10-2021 14:04:35] [INFO]: Francisco usuario acessando 
[07-10-2021 14:04:37] [INFO]: Francisco Busca realizada com sucesso 
[07-10-2021 14:04:39] [ERROR]: Francisco sem valor na tabela 
[07-10-2021 14:04:41] [INFO]: Francisco Busca realizada com sucesso 
[07-10-2021 14:04:45] [ERROR]: Francisco sem valor na tabela 
[07-10-2021 14:04:47] [INFO]: Francisco Busca realizada com sucesso 
[07-10-2021 14:04:51] [WARNING]: Francisco excluindo resgistro de imei do BD 
[07-10-2021 14:04:55] [INFO]: Francisco usuario acessando 
[07-10-2021 14:04:57] [INFO]: Francisco Busca realizada com sucesso 
[07-10-2021 14:05:02] [ERROR]: Francisco sem valor na tabela 
[07-10-2021 14:05:03] [INFO]: Francisco Busca realizada com sucesso 
[07-10-2021 14:05:07] [ERROR]: Francisco sem valor na tabela 
[07-10-2021 14:05:08] [INFO]: Francisco Busca realizada com sucesso 
[07-10-2021 14:05:11] [WARNING]: Francisco excluindo resgistro de imei do BD 
[07-10-2021 14:05:15] [INFO]: Francisco usuario acessando 
[07-10-2021 14:05:30] [WARNING]: Francisco Cadastro de tabela imei 
[07-10-2021 14:06:27] [WARNING]: Francisco Cadastro de tabela imei 
[07-10-2021 14:06:43] [WARNING]: Francisco Cadastro de tabela imei 
[07-10-2021 14:07:40] [INFO]: Francisco usuario acessando 
[07-10-2021 14:08:22] [INFO]: Francisco usuario acessando 
[07-10-2021 14:08:26] [WARNING]: Francisco Cadastro de tabela imei 
[07-10-2021 14:09:07] [WARNING]: Francisco Cadastro de tabela imei 
[07-10-2021 14:09:16] [INFO]: Francisco usuario acessando 
[07-10-2021 14:09:19] [WARNING]: Francisco Cadastro de tabela imei 
[07-10-2021 14:09:47] [WARNING]: Francisco Cadastro de tabela imei 
[07-10-2021 14:10:11] [WARNING]: Francisco Cadastro de tabela imei 
[07-10-2021 14:10:16] [INFO]: Francisco usuario acessando 
[07-10-2021 14:10:18] [INFO]: Francisco Busca realizada com sucesso 
[07-10-2021 14:10:20] [WARNING]: Francisco excluindo resgistro de imei do BD 
[07-10-2021 14:11:24] [INFO]: Francisco Busca realizada com sucesso 
[07-10-2021 14:11:26] [INFO]: Francisco usuario acessando 
[07-10-2021 16:40:35] [INFO]: Francisco usuario acessando 
[07-10-2021 16:40:49] [INFO]: Francisco usuario acessando 
[07-10-2021 16:41:00] [INFO]: Francisco usuario acessando 
[07-10-2021 16:41:12] [INFO]: Francisco usuario acessando 
[07-10-2021 16:41:21] [INFO]: Marlene usuario acessando 
[07-10-2021 16:41:33] [WARNING]: Marlene Cadastro de tabela imei 
[07-10-2021 16:41:44] [WARNING]: Marlene Cadastro de tabela imei 
[07-10-2021 16:42:32] [WARNING]: Marlene Cadastro de tabela imei 
[07-10-2021 16:42:52] [INFO]: Marlene usuario acessando 
[07-10-2021 16:42:54] [INFO]: Marlene Busca realizada com sucesso 
[07-10-2021 16:42:55] [WARNING]: Marlene excluindo resgistro de imei do BD 
[07-10-2021 16:43:00] [INFO]: Marlene usuario acessando 
[07-10-2021 16:43:01] [INFO]: Marlene Busca realizada com sucesso 
[07-10-2021 16:43:02] [ERROR]: Marlene sem valor na tabela 
[07-10-2021 16:43:04] [INFO]: Marlene Busca realizada com sucesso 
[07-10-2021 16:43:07] [INFO]: Marlene usuario acessando 
[07-10-2021 17:18:04] [INFO]: Francisco usuario acessando 
[07-10-2021 17:19:23] [INFO]: Francisco usuario acessando 
[07-10-2021 17:19:33] [INFO]: Marlene usuario acessando 
[07-10-2021 17:22:52] [INFO]: Francisco usuario acessando 
[07-10-2021 17:23:04] [INFO]: Francisco usuario acessando 
[08-10-2021 11:06:19] [INFO]: Francisco usuario acessando 
[08-10-2021 11:06:30] [INFO]: Marlene usuario acessando 
[08-10-2021 11:45:15] [INFO]: Francisco usuario acessando 
[08-10-2021 11:45:26] [INFO]: Pedro usuario acessando 
[08-10-2021 11:57:18] [INFO]: Francisco usuario acessando 
[08-10-2021 11:57:27] [INFO]: Pedro usuario acessando 
[08-10-2021 11:57:45] [INFO]: Marlene usuario acessando 
[08-10-2021 12:02:55] [INFO]: Francisco usuario acessando 
[08-10-2021 12:03:07] [INFO]: Pedro usuario acessando 
[08-10-2021 12:07:28] [INFO]: Francisco usuario acessando 
[08-10-2021 12:07:40] [INFO]: Pedro usuario acessando 
[08-10-2021 12:10:14] [INFO]: Francisco usuario acessando 
[08-10-2021 12:10:23] [INFO]: Pedro usuario acessando 
[08-10-2021 12:10:38] [INFO]: Marlene usuario acessando 
[08-10-2021 13:28:27] [INFO]: Francisco usuario acessando 
[08-10-2021 13:28:37] [INFO]: Pedro usuario acessando 
[08-10-2021 13:29:10] [INFO]: Francisco usuario acessando 
[08-10-2021 13:29:18] [INFO]: Pedro usuario acessando 
[08-10-2021 14:45:06] [INFO]: Francisco usuario acessando 
[08-10-2021 14:45:14] [INFO]: Francisco usuario acessando 
[08-10-2021 14:48:10] [INFO]: Marlene usuario acessando 
[08-10-2021 14:48:24] [INFO]: Marlene Busca realizada com sucesso 
[08-10-2021 14:48:26] [ERROR]: Marlene sem valor na tabela 
[08-10-2021 14:48:28] [INFO]: Marlene Busca realizada com sucesso 
[08-10-2021 14:48:32] [ERROR]: Marlene sem valor na tabela 
[08-10-2021 14:48:33] [INFO]: Marlene Busca realizada com sucesso 
[08-10-2021 14:48:34] [INFO]: Marlene usuario acessando 
[08-10-2021 14:53:06] [INFO]: Marlene Busca realizada com sucesso 
[08-10-2021 14:53:08] [INFO]: Marlene usuario acessando 
[08-10-2021 14:53:11] [INFO]: Marlene Busca realizada com sucesso 
[08-10-2021 14:53:13] [INFO]: Marlene Busca realizada com sucesso 
[08-10-2021 14:53:13] [INFO]: Marlene Busca realizada com sucesso 
[08-10-2021 14:53:13] [INFO]: Marlene Busca realizada com sucesso 
[08-10-2021 14:53:14] [INFO]: Marlene Busca realizada com sucesso 
[08-10-2021 14:53:15] [INFO]: Marlene usuario acessando 
[08-10-2021 14:53:31] [INFO]: Marlene usuario acessando 
[08-10-2021 14:53:37] [INFO]: Marlene Busca realizada com sucesso 
[08-10-2021 14:53:38] [INFO]: Marlene usuario acessando 
[08-10-2021 14:53:41] [INFO]: Marlene Busca realizada com sucesso 
[08-10-2021 14:54:28] [INFO]: Marlene Busca realizada com sucesso 
[08-10-2021 14:54:30] [INFO]: Marlene usuario acessando 
[08-10-2021 14:54:32] [INFO]: Marlene Busca realizada com sucesso 
[08-10-2021 14:54:34] [INFO]: Marlene usuario acessando 
[08-10-2021 14:54:51] [INFO]: Marlene usuario acessando 
[08-10-2021 14:54:56] [INFO]: Marlene Busca realizada com sucesso 
[08-10-2021 14:54:58] [INFO]: Marlene usuario acessando 
[08-10-2021 14:54:59] [INFO]: Marlene Busca realizada com sucesso 
[08-10-2021 14:55:01] [INFO]: Marlene usuario acessando 
[08-10-2021 14:55:02] [INFO]: Marlene Busca realizada com sucesso 
[08-10-2021 14:55:03] [ERROR]: Marlene sem valor na tabela 
[08-10-2021 14:55:05] [INFO]: Marlene Busca realizada com sucesso 
[08-10-2021 14:55:09] [ERROR]: Marlene sem valor na tabela 
[08-10-2021 14:55:10] [INFO]: Marlene usuario acessando 
[08-10-2021 14:56:12] [INFO]: Marlene usuario acessando 
[08-10-2021 14:56:18] [INFO]: Marlene Busca realizada com sucesso 
[08-10-2021 14:56:19] [ERROR]: Marlene sem valor na tabela 
[08-10-2021 14:56:54] [INFO]: Marlene Busca realizada com sucesso 
[08-10-2021 14:56:56] [INFO]: Marlene usuario acessando 
[08-10-2021 14:57:00] [INFO]: Marlene Busca realizada com sucesso 
[08-10-2021 14:57:03] [ERROR]: Marlene sem valor na tabela 
[08-10-2021 14:58:17] [INFO]: Marlene usuario acessando 
[08-10-2021 14:58:26] [INFO]: Marlene usuario acessando 
[08-10-2021 14:58:35] [INFO]: Marlene Busca realizada com sucesso 
[08-10-2021 14:58:38] [ERROR]: Marlene sem valor na tabela 
[08-10-2021 14:58:39] [INFO]: Marlene usuario acessando 
[08-10-2021 14:58:40] [INFO]: Marlene Busca realizada com sucesso 
[08-10-2021 14:58:42] [ERROR]: Marlene sem valor na tabela 
[08-10-2021 14:58:44] [INFO]: Marlene Busca realizada com sucesso 
[08-10-2021 14:58:45] [ERROR]: Marlene sem valor na tabela 
[08-10-2021 14:58:47] [INFO]: Marlene Busca realizada com sucesso 
[08-10-2021 14:58:48] [INFO]: Marlene usuario acessando 
[08-10-2021 14:59:03] [INFO]: Francisco usuario acessando 
[08-10-2021 14:59:05] [WARNING]: Francisco Cadastro de tabela imei 
[08-10-2021 14:59:21] [WARNING]: Francisco Cadastro de tabela imei 
[08-10-2021 14:59:51] [WARNING]: Francisco Cadastro de tabela imei 
[08-10-2021 14:59:54] [INFO]: Francisco usuario acessando 
[08-10-2021 15:00:03] [INFO]: Marlene usuario acessando 
[08-10-2021 15:00:08] [INFO]: Marlene Busca realizada com sucesso 
[08-10-2021 15:00:09] [ERROR]: Marlene sem valor na tabela 
[08-10-2021 15:00:16] [INFO]: Marlene Busca realizada com sucesso 
[08-10-2021 15:00:20] [WARNING]: Marlene excluindo resgistro de imei do BD 
[08-10-2021 15:00:49] [INFO]: Marlene usuario acessando 
[08-10-2021 15:03:43] [INFO]: Marlene usuario acessando 
[08-10-2021 15:04:31] [INFO]: Marlene Busca realizada com sucesso 
[08-10-2021 15:04:36] [WARNING]: Marlene excluindo resgistro de imei do BD 
[08-10-2021 15:04:42] [INFO]: Marlene usuario acessando 
[08-10-2021 15:07:51] [INFO]: Francisco usuario acessando 
[08-10-2021 15:08:06] [INFO]: Francisco usuario acessando 
[08-10-2021 15:10:21] [INFO]: Francisco usuario acessando 
[08-10-2021 15:10:39] [INFO]: Francisco usuario acessando 
[08-10-2021 15:10:58] [INFO]: Francisco usuario acessando 
[08-10-2021 15:11:16] [INFO]: Francisco usuario acessando 
[08-10-2021 15:11:22] [INFO]: Francisco usuario acessando 
[08-10-2021 15:12:23] [INFO]: Francisco usuario acessando 
[08-10-2021 15:12:40] [INFO]: Francisco usuario acessando 
[08-10-2021 15:12:49] [WARNING]: Francisco Cadastro de tabela imei 
[08-10-2021 15:13:42] [WARNING]: Francisco Cadastro de tabela imei 
[08-10-2021 15:15:47] [WARNING]: Francisco Cadastro de tabela imei 
[08-10-2021 15:15:50] [INFO]: Francisco usuario acessando 
[08-10-2021 15:15:54] [WARNING]: Francisco Cadastro de tabela imei 
[08-10-2021 15:16:48] [WARNING]: Francisco Cadastro de tabela imei 
[08-10-2021 15:17:17] [WARNING]: Francisco Cadastro de tabela imei 
[08-10-2021 15:17:29] [INFO]: Francisco usuario acessando 
[08-10-2021 15:18:00] [INFO]: Francisco usuario acessando 
[08-10-2021 15:19:04] [INFO]: Francisco usuario acessando 
[08-10-2021 15:19:24] [INFO]: Marlene usuario acessando 
[08-10-2021 15:21:03] [INFO]: Francisco usuario acessando 
[08-10-2021 15:21:04] [WARNING]: Francisco Cadastro de tabela imei 
[08-10-2021 15:21:18] [WARNING]: Francisco Cadastro de tabela imei 
[08-10-2021 15:21:24] [WARNING]: Francisco Cadastro de tabela imei 
[08-10-2021 15:21:28] [INFO]: Francisco usuario acessando 
[08-10-2021 15:21:30] [WARNING]: Francisco Cadastro de tabela imei 
[08-10-2021 15:21:55] [WARNING]: Francisco Cadastro de tabela imei 
[08-10-2021 15:22:03] [WARNING]: Francisco Cadastro de tabela imei 
[08-10-2021 15:22:05] [INFO]: Francisco usuario acessando 
[08-10-2021 15:22:48] [WARNING]: Francisco Cadastro de tabela imei 
[08-10-2021 15:26:15] [WARNING]: Francisco Cadastro de tabela imei 
[08-10-2021 15:26:21] [INFO]: Francisco usuario acessando 
[08-10-2021 15:26:27] [INFO]: Marlene usuario acessando 
[08-10-2021 15:26:32] [INFO]: Marlene Busca realizada com sucesso 
[08-10-2021 15:26:34] [WARNING]: Marlene excluindo resgistro de imei do BD 
[08-10-2021 15:26:37] [INFO]: Marlene usuario acessando 
[08-10-2021 15:26:39] [INFO]: Marlene Busca realizada com sucesso 
[08-10-2021 15:26:43] [ERROR]: Marlene sem valor na tabela 
[08-10-2021 15:26:45] [INFO]: Marlene Busca realizada com sucesso 
[08-10-2021 15:26:49] [WARNING]: Marlene excluindo resgistro de imei do BD 
[08-10-2021 15:26:53] [INFO]: Marlene usuario acessando 
[08-10-2021 15:26:54] [INFO]: Marlene Busca realizada com sucesso 
[08-10-2021 15:27:01] [WARNING]: Marlene excluindo resgistro de imei do BD 
[08-10-2021 15:27:05] [INFO]: Marlene usuario acessando 
[08-10-2021 15:27:14] [INFO]: Francisco usuario acessando 
[08-10-2021 15:27:16] [WARNING]: Francisco Cadastro de tabela imei 
[08-10-2021 15:27:33] [WARNING]: Francisco Cadastro de tabela imei 
[08-10-2021 15:27:36] [WARNING]: Francisco Cadastro de tabela imei 
[08-10-2021 15:27:49] [WARNING]: Francisco Cadastro de tabela imei 
[08-10-2021 15:27:57] [WARNING]: Francisco Cadastro de tabela imei 
[08-10-2021 15:29:12] [WARNING]: Francisco Cadastro de tabela imei 
[08-10-2021 15:29:19] [WARNING]: Francisco Cadastro de tabela imei 
[08-10-2021 15:29:59] [INFO]: Francisco usuario acessando 
[08-10-2021 15:30:03] [INFO]: Francisco Busca realizada com sucesso 
[08-10-2021 15:30:11] [WARNING]: Francisco excluindo resgistro de imei do BD 
[08-10-2021 15:32:12] [INFO]: Francisco usuario acessando 
[08-10-2021 15:32:14] [INFO]: Francisco Busca realizada com sucesso 
[08-10-2021 15:32:16] [WARNING]: Francisco excluindo resgistro de imei do BD 
[08-10-2021 15:32:19] [INFO]: Francisco usuario acessando 
[08-10-2021 15:32:21] [INFO]: Francisco Busca realizada com sucesso 
[08-10-2021 15:32:23] [ERROR]: Francisco sem valor na tabela 
[08-10-2021 15:32:25] [INFO]: Francisco Busca realizada com sucesso 
[08-10-2021 15:32:28] [WARNING]: Francisco excluindo resgistro de imei do BD 
[08-10-2021 15:32:32] [INFO]: Francisco usuario acessando 
[08-10-2021 15:32:34] [INFO]: Francisco Busca realizada com sucesso 
[08-10-2021 15:32:39] [ERROR]: Francisco sem valor na tabela 
[08-10-2021 15:32:41] [INFO]: Francisco Busca realizada com sucesso 
[08-10-2021 15:32:44] [WARNING]: Francisco excluindo resgistro de imei do BD 
[08-10-2021 15:32:48] [INFO]: Francisco usuario acessando 
[08-10-2021 15:36:21] [INFO]: Francisco usuario acessando 
[08-10-2021 15:36:29] [WARNING]: Francisco Cadastro de tabela imei 
[08-10-2021 15:36:38] [INFO]: Francisco usuario acessando 
[08-10-2021 15:36:47] [INFO]: Marlene usuario acessando 
[08-10-2021 15:36:55] [INFO]: Marlene Busca realizada com sucesso 
[08-10-2021 15:37:02] [INFO]: Marlene usuario acessando 
[08-10-2021 15:37:04] [INFO]: Marlene Busca realizada com sucesso 
[08-10-2021 15:37:08] [ERROR]: Marlene sem valor na tabela 
[08-10-2021 15:37:10] [INFO]: Marlene usuario acessando 
[08-10-2021 15:37:11] [INFO]: Marlene Busca realizada com sucesso 
[08-10-2021 15:37:14] [ERROR]: Marlene sem valor na tabela 
[08-10-2021 15:37:16] [INFO]: Marlene Busca realizada com sucesso 
[08-10-2021 15:37:20] [ERROR]: Marlene sem valor na tabela 
[08-10-2021 15:37:38] [INFO]: Marlene usuario acessando 
[13-10-2021 08:01:07] [INFO]: Francisco usuario acessando 
[13-10-2021 08:02:10] [INFO]: Francisco usuario acessando 
[13-10-2021 08:02:35] [INFO]: Francisco usuario acessando 
[13-10-2021 08:03:00] [INFO]: Francisco usuario acessando 
[13-10-2021 08:03:12] [INFO]: Francisco usuario acessando 
[13-10-2021 08:03:26] [INFO]: Francisco usuario acessando 
[13-10-2021 08:03:40] [INFO]: Francisco usuario acessando 
[13-10-2021 08:04:02] [INFO]: Francisco usuario acessando 
[13-10-2021 08:04:55] [INFO]: Francisco usuario acessando 
[13-10-2021 08:04:57] [INFO]: Francisco usuario acessando 
[13-10-2021 08:05:31] [INFO]: Francisco usuario acessando 
[13-10-2021 08:06:14] [INFO]: Francisco usuario acessando 
[13-10-2021 08:06:41] [INFO]: Francisco usuario acessando 
[13-10-2021 08:07:48] [INFO]: Francisco usuario acessando 
[13-10-2021 08:07:57] [INFO]: Francisco usuario acessando 
[13-10-2021 08:08:07] [INFO]: Francisco usuario acessando 
[13-10-2021 08:08:36] [INFO]: Francisco usuario acessando 
[13-10-2021 08:08:42] [INFO]: Francisco usuario acessando 
[13-10-2021 08:09:47] [INFO]: Francisco usuario acessando 
[13-10-2021 08:10:14] [INFO]: Francisco usuario acessando 
[13-10-2021 08:15:07] [INFO]: Francisco usuario acessando 
[13-10-2021 08:15:41] [INFO]: Francisco usuario acessando 
[13-10-2021 08:15:42] [INFO]: Francisco usuario acessando 
[13-10-2021 08:15:43] [INFO]: Francisco usuario acessando 
[13-10-2021 08:15:43] [INFO]: Francisco usuario acessando 
[13-10-2021 08:16:09] [INFO]: Francisco usuario acessando 
[13-10-2021 08:18:58] [INFO]: Francisco usuario acessando 
[13-10-2021 08:19:56] [INFO]: Francisco usuario acessando 
[13-10-2021 08:20:58] [INFO]: Francisco usuario acessando 
[13-10-2021 08:21:16] [INFO]: Francisco usuario acessando 
[13-10-2021 08:21:32] [INFO]: Francisco usuario acessando 
[13-10-2021 08:21:33] [INFO]: Francisco usuario acessando 
[13-10-2021 08:21:59] [INFO]: Francisco usuario acessando 
[13-10-2021 08:23:31] [INFO]: Francisco usuario acessando 
[13-10-2021 08:23:32] [INFO]: Francisco usuario acessando 
[13-10-2021 08:23:32] [INFO]: Francisco usuario acessando 
[13-10-2021 08:23:32] [INFO]: Francisco usuario acessando 
[13-10-2021 08:26:46] [INFO]: Francisco usuario acessando 
[13-10-2021 08:27:00] [INFO]: Francisco usuario acessando 
[13-10-2021 08:27:24] [INFO]: Francisco usuario acessando 
[13-10-2021 08:27:37] [INFO]: Francisco usuario acessando 
[13-10-2021 08:27:51] [INFO]: Francisco usuario acessando 
[13-10-2021 08:28:16] [INFO]: Francisco usuario acessando 
[13-10-2021 08:28:37] [INFO]: Francisco usuario acessando 
[13-10-2021 08:28:45] [INFO]: Francisco usuario acessando 
[13-10-2021 08:29:00] [INFO]: Francisco usuario acessando 
[13-10-2021 08:29:14] [INFO]: Francisco usuario acessando 
[13-10-2021 08:30:43] [INFO]: Francisco usuario acessando 
[13-10-2021 08:31:12] [INFO]: Francisco usuario acessando 
[13-10-2021 08:31:32] [INFO]: Francisco usuario acessando 
[13-10-2021 08:32:49] [INFO]: Francisco usuario acessando 
[13-10-2021 08:32:50] [INFO]: Francisco usuario acessando 
[13-10-2021 08:32:50] [INFO]: Francisco usuario acessando 
[13-10-2021 08:32:50] [INFO]: Francisco usuario acessando 
[13-10-2021 08:33:29] [INFO]: Francisco usuario acessando 
[13-10-2021 08:33:40] [INFO]: Francisco usuario acessando 
[13-10-2021 08:33:54] [INFO]: Francisco usuario acessando 
[13-10-2021 08:34:10] [INFO]: Francisco usuario acessando 
[13-10-2021 08:34:26] [INFO]: Francisco usuario acessando 
[13-10-2021 08:34:36] [INFO]: Francisco usuario acessando 
[13-10-2021 08:34:49] [INFO]: Francisco usuario acessando 
[13-10-2021 08:34:55] [INFO]: Francisco usuario acessando 
[13-10-2021 08:34:56] [INFO]: Francisco usuario acessando 
[13-10-2021 08:34:57] [INFO]: Francisco usuario acessando 
[13-10-2021 08:34:57] [INFO]: Francisco usuario acessando 
[13-10-2021 08:34:57] [INFO]: Francisco usuario acessando 
[13-10-2021 08:34:57] [INFO]: Francisco usuario acessando 
[13-10-2021 08:34:57] [INFO]: Francisco usuario acessando 
[13-10-2021 08:34:57] [INFO]: Francisco usuario acessando 
[13-10-2021 08:35:13] [INFO]: Francisco usuario acessando 
[13-10-2021 08:35:13] [INFO]: Francisco usuario acessando 
[13-10-2021 08:35:26] [INFO]: Francisco usuario acessando 
[13-10-2021 08:35:36] [INFO]: Francisco usuario acessando 
[13-10-2021 08:35:44] [INFO]: Francisco usuario acessando 
[13-10-2021 08:35:45] [INFO]: Francisco usuario acessando 
[13-10-2021 08:35:56] [INFO]: Francisco usuario acessando 
[13-10-2021 08:36:08] [INFO]: Francisco usuario acessando 
[13-10-2021 08:36:38] [INFO]: Francisco usuario acessando 
[13-10-2021 08:37:13] [INFO]: Francisco usuario acessando 
[13-10-2021 08:37:54] [INFO]: Francisco usuario acessando 
[13-10-2021 08:38:37] [INFO]: Francisco usuario acessando 
[13-10-2021 08:39:35] [INFO]: Francisco Busca realizada com sucesso 
[13-10-2021 08:39:36] [INFO]: Francisco usuario acessando 
[13-10-2021 08:39:38] [WARNING]: Francisco Cadastro de tabela imei 
[13-10-2021 08:39:48] [INFO]: Francisco usuario acessando 
[13-10-2021 08:39:54] [WARNING]: Francisco Cadastro de tabela imei 
[13-10-2021 08:40:04] [INFO]: Francisco usuario acessando 
